[0.089s] Invoking command in '/home/dawgs_nx/dawgs_f1tenth/01_labs/lab1/build/lab1_introduction': CMAKE_PREFIX_PATH=${CMAKE_PREFIX_PATH}:/opt/ros/foxy /usr/bin/cmake --build /home/dawgs_nx/dawgs_f1tenth/01_labs/lab1/build/lab1_introduction -- -j6 -l6
[0.520s] [100%] Built target ackermann_talker
[0.588s] Invoked command in '/home/dawgs_nx/dawgs_f1tenth/01_labs/lab1/build/lab1_introduction' returned '0': CMAKE_PREFIX_PATH=${CMAKE_PREFIX_PATH}:/opt/ros/foxy /usr/bin/cmake --build /home/dawgs_nx/dawgs_f1tenth/01_labs/lab1/build/lab1_introduction -- -j6 -l6
[0.827s] Invoking command in '/home/dawgs_nx/dawgs_f1tenth/01_labs/lab1/build/lab1_introduction': CMAKE_PREFIX_PATH=${CMAKE_PREFIX_PATH}:/opt/ros/foxy /usr/bin/cmake --install /home/dawgs_nx/dawgs_f1tenth/01_labs/lab1/build/lab1_introduction
[0.891s] -- Install configuration: ""
[0.894s] -- Execute custom install script
[0.902s] -- Up-to-date symlink: /home/dawgs_nx/dawgs_f1tenth/01_labs/lab1/install/lab1_introduction/include/lab1_introduction/ackermann_talker.hpp
[0.905s] -- Up-to-date symlink: /home/dawgs_nx/dawgs_f1tenth/01_labs/lab1/install/lab1_introduction/lib/lab1_introduction/ackermann_talker
[0.910s] -- Up-to-date symlink: /home/dawgs_nx/dawgs_f1tenth/01_labs/lab1/install/lab1_introduction/share/lab1_introduction//launch/ackermann_talker_launch.py
[0.913s] -- Up-to-date symlink: /home/dawgs_nx/dawgs_f1tenth/01_labs/lab1/install/lab1_introduction/share/lab1_introduction//config/param.yaml
[0.915s] -- Up-to-date symlink: /home/dawgs_nx/dawgs_f1tenth/01_labs/lab1/install/lab1_introduction/share/ament_index/resource_index/package_run_dependencies/lab1_introduction
[0.917s] -- Up-to-date symlink: /home/dawgs_nx/dawgs_f1tenth/01_labs/lab1/install/lab1_introduction/share/ament_index/resource_index/parent_prefix_path/lab1_introduction
[0.922s] -- Up-to-date symlink: /home/dawgs_nx/dawgs_f1tenth/01_labs/lab1/install/lab1_introduction/share/lab1_introduction/environment/ament_prefix_path.sh
[0.923s] -- Up-to-date symlink: /home/dawgs_nx/dawgs_f1tenth/01_labs/lab1/install/lab1_introduction/share/lab1_introduction/environment/ament_prefix_path.dsv
[0.924s] -- Up-to-date symlink: /home/dawgs_nx/dawgs_f1tenth/01_labs/lab1/install/lab1_introduction/share/lab1_introduction/environment/path.sh
[0.926s] -- Up-to-date symlink: /home/dawgs_nx/dawgs_f1tenth/01_labs/lab1/install/lab1_introduction/share/lab1_introduction/environment/path.dsv
[0.929s] -- Up-to-date symlink: /home/dawgs_nx/dawgs_f1tenth/01_labs/lab1/install/lab1_introduction/share/lab1_introduction/local_setup.bash
[0.933s] -- Up-to-date symlink: /home/dawgs_nx/dawgs_f1tenth/01_labs/lab1/install/lab1_introduction/share/lab1_introduction/local_setup.sh
[0.936s] -- Up-to-date symlink: /home/dawgs_nx/dawgs_f1tenth/01_labs/lab1/install/lab1_introduction/share/lab1_introduction/local_setup.zsh
[0.938s] -- Up-to-date symlink: /home/dawgs_nx/dawgs_f1tenth/01_labs/lab1/install/lab1_introduction/share/lab1_introduction/local_setup.dsv
[0.940s] -- Symlinking: /home/dawgs_nx/dawgs_f1tenth/01_labs/lab1/install/lab1_introduction/share/lab1_introduction/package.dsv
[0.999s] -- Up-to-date symlink: /home/dawgs_nx/dawgs_f1tenth/01_labs/lab1/install/lab1_introduction/share/ament_index/resource_index/packages/lab1_introduction
[1.004s] -- Up-to-date symlink: /home/dawgs_nx/dawgs_f1tenth/01_labs/lab1/install/lab1_introduction/share/lab1_introduction/cmake/lab1_introductionConfig.cmake
[1.007s] -- Up-to-date symlink: /home/dawgs_nx/dawgs_f1tenth/01_labs/lab1/install/lab1_introduction/share/lab1_introduction/cmake/lab1_introductionConfig-version.cmake
[1.012s] -- Up-to-date symlink: /home/dawgs_nx/dawgs_f1tenth/01_labs/lab1/install/lab1_introduction/share/lab1_introduction/package.xml
[1.017s] -- Up-to-date: /home/dawgs_nx/dawgs_f1tenth/01_labs/lab1/install/lab1_introduction/bin/ackermann_talker
[1.038s] Invoked command in '/home/dawgs_nx/dawgs_f1tenth/01_labs/lab1/build/lab1_introduction' returned '0': CMAKE_PREFIX_PATH=${CMAKE_PREFIX_PATH}:/opt/ros/foxy /usr/bin/cmake --install /home/dawgs_nx/dawgs_f1tenth/01_labs/lab1/build/lab1_introduction
