[1.050s] DEBUG:colcon:Command line arguments: ['/usr/bin/colcon', 'build']
[1.050s] DEBUG:colcon:Parsed command line arguments: Namespace(allow_overriding=[], ament_cmake_args=None, base_paths=['.'], build_base='build', catkin_cmake_args=None, catkin_skip_building_tests=False, cmake_args=None, cmake_clean_cache=False, cmake_clean_first=False, cmake_force_configure=False, cmake_target=None, cmake_target_skip_unavailable=False, continue_on_error=False, event_handlers=None, executor='parallel', ignore_user_meta=False, install_base='install', log_base=None, log_level=None, main=<bound method BuildVerb.main of <colcon_core.verb.build.BuildVerb object at 0xffffbd09ea60>>, merge_install=False, metas=['./colcon.meta'], mixin=None, mixin_files=None, mixin_verb=('build',), packages_above=None, packages_above_and_dependencies=None, packages_above_depth=None, packages_end=None, packages_ignore=None, packages_ignore_regex=None, packages_select=None, packages_select_build_failed=False, packages_select_by_dep=None, packages_select_regex=None, packages_select_test_failures=False, packages_skip=None, packages_skip_build_finished=False, packages_skip_by_dep=None, packages_skip_regex=None, packages_skip_test_passed=False, packages_skip_up_to=None, packages_start=None, packages_up_to=None, packages_up_to_regex=None, parallel_workers=6, paths=None, symlink_install=False, test_result_base=None, verb_extension=<colcon_core.verb.build.BuildVerb object at 0xffffbd09ea60>, verb_name='build', verb_parser=<colcon_mixin.mixin.mixin_argument.MixinArgumentDecorator object at 0xffffbd06cf70>)
[1.906s] Level 1:colcon.colcon_core.package_discovery:discover_packages(colcon_meta) check parameters
[1.907s] Level 1:colcon.colcon_core.package_discovery:discover_packages(recursive) check parameters
[1.907s] Level 1:colcon.colcon_core.package_discovery:discover_packages(ignore) check parameters
[1.908s] Level 1:colcon.colcon_core.package_discovery:discover_packages(path) check parameters
[1.908s] Level 1:colcon.colcon_core.package_discovery:discover_packages(colcon_meta) discover
[1.908s] Level 1:colcon.colcon_core.package_discovery:discover_packages(recursive) discover
[1.908s] INFO:colcon.colcon_core.package_discovery:Crawling recursively for packages in '/home/dawgs_nx/dawgs_f1tenth/01_labs/lab1'
[1.909s] Level 1:colcon.colcon_core.package_identification:_identify(.) by extensions ['ignore', 'ignore_ament_install']
[1.909s] Level 1:colcon.colcon_core.package_identification:_identify(.) by extension 'ignore'
[1.910s] Level 1:colcon.colcon_core.package_identification:_identify(.) by extension 'ignore_ament_install'
[1.910s] Level 1:colcon.colcon_core.package_identification:_identify(.) by extensions ['colcon_pkg']
[1.910s] Level 1:colcon.colcon_core.package_identification:_identify(.) by extension 'colcon_pkg'
[1.911s] Level 1:colcon.colcon_core.package_identification:_identify(.) by extensions ['colcon_meta']
[1.911s] Level 1:colcon.colcon_core.package_identification:_identify(.) by extension 'colcon_meta'
[1.911s] Level 1:colcon.colcon_core.package_identification:_identify(.) by extensions ['ros']
[1.911s] Level 1:colcon.colcon_core.package_identification:_identify(.) by extension 'ros'
[1.968s] Level 1:colcon.colcon_core.package_identification:_identify(.) by extensions ['cmake', 'python']
[1.968s] Level 1:colcon.colcon_core.package_identification:_identify(.) by extension 'cmake'
[1.969s] Level 1:colcon.colcon_core.package_identification:_identify(.) by extension 'python'
[1.969s] Level 1:colcon.colcon_core.package_identification:_identify(.) by extensions ['python_setup_py']
[1.969s] Level 1:colcon.colcon_core.package_identification:_identify(.) by extension 'python_setup_py'
[1.970s] Level 1:colcon.colcon_core.package_identification:_identify(build) by extensions ['ignore', 'ignore_ament_install']
[1.970s] Level 1:colcon.colcon_core.package_identification:_identify(build) by extension 'ignore'
[1.971s] Level 1:colcon.colcon_core.package_identification:_identify(build) ignored
[1.971s] Level 1:colcon.colcon_core.package_identification:_identify(install) by extensions ['ignore', 'ignore_ament_install']
[1.972s] Level 1:colcon.colcon_core.package_identification:_identify(install) by extension 'ignore'
[1.972s] Level 1:colcon.colcon_core.package_identification:_identify(install) ignored
[1.973s] Level 1:colcon.colcon_core.package_identification:_identify(log) by extensions ['ignore', 'ignore_ament_install']
[1.974s] Level 1:colcon.colcon_core.package_identification:_identify(log) by extension 'ignore'
[1.974s] Level 1:colcon.colcon_core.package_identification:_identify(log) ignored
[1.974s] Level 1:colcon.colcon_core.package_identification:_identify(src) by extensions ['ignore', 'ignore_ament_install']
[1.975s] Level 1:colcon.colcon_core.package_identification:_identify(src) by extension 'ignore'
[1.975s] Level 1:colcon.colcon_core.package_identification:_identify(src) by extension 'ignore_ament_install'
[1.975s] Level 1:colcon.colcon_core.package_identification:_identify(src) by extensions ['colcon_pkg']
[1.976s] Level 1:colcon.colcon_core.package_identification:_identify(src) by extension 'colcon_pkg'
[1.976s] Level 1:colcon.colcon_core.package_identification:_identify(src) by extensions ['colcon_meta']
[1.976s] Level 1:colcon.colcon_core.package_identification:_identify(src) by extension 'colcon_meta'
[1.976s] Level 1:colcon.colcon_core.package_identification:_identify(src) by extensions ['ros']
[1.977s] Level 1:colcon.colcon_core.package_identification:_identify(src) by extension 'ros'
[1.977s] Level 1:colcon.colcon_core.package_identification:_identify(src) by extensions ['cmake', 'python']
[1.977s] Level 1:colcon.colcon_core.package_identification:_identify(src) by extension 'cmake'
[1.978s] Level 1:colcon.colcon_core.package_identification:_identify(src) by extension 'python'
[1.978s] Level 1:colcon.colcon_core.package_identification:_identify(src) by extensions ['python_setup_py']
[1.978s] Level 1:colcon.colcon_core.package_identification:_identify(src) by extension 'python_setup_py'
[1.979s] Level 1:colcon.colcon_core.package_identification:_identify(src/lab1_introduction) by extensions ['ignore', 'ignore_ament_install']
[1.979s] Level 1:colcon.colcon_core.package_identification:_identify(src/lab1_introduction) by extension 'ignore'
[1.980s] Level 1:colcon.colcon_core.package_identification:_identify(src/lab1_introduction) by extension 'ignore_ament_install'
[1.980s] Level 1:colcon.colcon_core.package_identification:_identify(src/lab1_introduction) by extensions ['colcon_pkg']
[1.980s] Level 1:colcon.colcon_core.package_identification:_identify(src/lab1_introduction) by extension 'colcon_pkg'
[1.980s] Level 1:colcon.colcon_core.package_identification:_identify(src/lab1_introduction) by extensions ['colcon_meta']
[1.981s] Level 1:colcon.colcon_core.package_identification:_identify(src/lab1_introduction) by extension 'colcon_meta'
[1.981s] Level 1:colcon.colcon_core.package_identification:_identify(src/lab1_introduction) by extensions ['ros']
[1.981s] Level 1:colcon.colcon_core.package_identification:_identify(src/lab1_introduction) by extension 'ros'
[1.994s] DEBUG:colcon.colcon_core.package_identification:Package 'src/lab1_introduction' with type 'ros.ament_cmake' and name 'lab1_introduction'
[1.995s] Level 1:colcon.colcon_core.package_discovery:discover_packages(recursive) using defaults
[1.995s] Level 1:colcon.colcon_core.package_discovery:discover_packages(ignore) discover
[1.995s] Level 1:colcon.colcon_core.package_discovery:discover_packages(ignore) using defaults
[1.995s] Level 1:colcon.colcon_core.package_discovery:discover_packages(path) discover
[1.995s] Level 1:colcon.colcon_core.package_discovery:discover_packages(path) using defaults
[2.071s] Level 1:colcon.colcon_core.package_discovery:discover_packages(prefix_path) check parameters
[2.071s] Level 1:colcon.colcon_core.package_discovery:discover_packages(prefix_path) discover
[2.080s] DEBUG:colcon.colcon_installed_package_information.package_discovery:Found 1 installed packages in /home/dawgs_nx/dawgs_f1tenth/01_labs/lab1/install
[2.089s] DEBUG:colcon.colcon_installed_package_information.package_discovery:Found 286 installed packages in /opt/ros/foxy
[2.099s] Level 1:colcon.colcon_core.package_discovery:discover_packages(prefix_path) using defaults
[2.498s] Level 5:colcon.colcon_core.verb:set package 'lab1_introduction' build argument 'cmake_args' from command line to 'None'
[2.498s] Level 5:colcon.colcon_core.verb:set package 'lab1_introduction' build argument 'cmake_target' from command line to 'None'
[2.498s] Level 5:colcon.colcon_core.verb:set package 'lab1_introduction' build argument 'cmake_target_skip_unavailable' from command line to 'False'
[2.498s] Level 5:colcon.colcon_core.verb:set package 'lab1_introduction' build argument 'cmake_clean_cache' from command line to 'False'
[2.499s] Level 5:colcon.colcon_core.verb:set package 'lab1_introduction' build argument 'cmake_clean_first' from command line to 'False'
[2.499s] Level 5:colcon.colcon_core.verb:set package 'lab1_introduction' build argument 'cmake_force_configure' from command line to 'False'
[2.499s] Level 5:colcon.colcon_core.verb:set package 'lab1_introduction' build argument 'ament_cmake_args' from command line to 'None'
[2.499s] Level 5:colcon.colcon_core.verb:set package 'lab1_introduction' build argument 'catkin_cmake_args' from command line to 'None'
[2.499s] Level 5:colcon.colcon_core.verb:set package 'lab1_introduction' build argument 'catkin_skip_building_tests' from command line to 'False'
[2.500s] DEBUG:colcon.colcon_core.verb:Building package 'lab1_introduction' with the following arguments: {'ament_cmake_args': None, 'build_base': '/home/dawgs_nx/dawgs_f1tenth/01_labs/lab1/build/lab1_introduction', 'catkin_cmake_args': None, 'catkin_skip_building_tests': False, 'cmake_args': None, 'cmake_clean_cache': False, 'cmake_clean_first': False, 'cmake_force_configure': False, 'cmake_target': None, 'cmake_target_skip_unavailable': False, 'install_base': '/home/dawgs_nx/dawgs_f1tenth/01_labs/lab1/install/lab1_introduction', 'merge_install': False, 'path': '/home/dawgs_nx/dawgs_f1tenth/01_labs/lab1/src/lab1_introduction', 'symlink_install': False, 'test_result_base': None}
[2.501s] INFO:colcon.colcon_core.executor:Executing jobs using 'parallel' executor
[2.506s] DEBUG:colcon.colcon_parallel_executor.executor.parallel:run_until_complete
[2.508s] INFO:colcon.colcon_ros.task.ament_cmake.build:Building ROS package in '/home/dawgs_nx/dawgs_f1tenth/01_labs/lab1/src/lab1_introduction' with build type 'ament_cmake'
[2.509s] INFO:colcon.colcon_cmake.task.cmake.build:Building CMake package in '/home/dawgs_nx/dawgs_f1tenth/01_labs/lab1/src/lab1_introduction'
[2.519s] INFO:colcon.colcon_core.plugin_system:Skipping extension 'colcon_core.shell.bat': Not used on non-Windows systems
[2.520s] INFO:colcon.colcon_core.shell:Skip shell extension 'powershell' for command environment: Not usable outside of PowerShell
[2.521s] DEBUG:colcon.colcon_core.shell:Skip shell extension 'dsv' for command environment
[2.586s] DEBUG:colcon.colcon_core.event_handler.log_command:Invoking command in '/home/dawgs_nx/dawgs_f1tenth/01_labs/lab1/build/lab1_introduction': CMAKE_PREFIX_PATH=${CMAKE_PREFIX_PATH}:/opt/ros/foxy /usr/bin/cmake --build /home/dawgs_nx/dawgs_f1tenth/01_labs/lab1/build/lab1_introduction -- -j6 -l6
[7.424s] DEBUG:colcon.colcon_core.event_handler.log_command:Invoked command in '/home/dawgs_nx/dawgs_f1tenth/01_labs/lab1/build/lab1_introduction' returned '0': CMAKE_PREFIX_PATH=${CMAKE_PREFIX_PATH}:/opt/ros/foxy /usr/bin/cmake --build /home/dawgs_nx/dawgs_f1tenth/01_labs/lab1/build/lab1_introduction -- -j6 -l6
[7.669s] DEBUG:colcon.colcon_core.event_handler.log_command:Invoking command in '/home/dawgs_nx/dawgs_f1tenth/01_labs/lab1/build/lab1_introduction': CMAKE_PREFIX_PATH=${CMAKE_PREFIX_PATH}:/opt/ros/foxy /usr/bin/cmake --install /home/dawgs_nx/dawgs_f1tenth/01_labs/lab1/build/lab1_introduction
[7.954s] Level 1:colcon.colcon_core.environment:create_environment_scripts_only(lab1_introduction)
[7.964s] DEBUG:colcon.colcon_core.event_handler.log_command:Invoked command in '/home/dawgs_nx/dawgs_f1tenth/01_labs/lab1/build/lab1_introduction' returned '0': CMAKE_PREFIX_PATH=${CMAKE_PREFIX_PATH}:/opt/ros/foxy /usr/bin/cmake --install /home/dawgs_nx/dawgs_f1tenth/01_labs/lab1/build/lab1_introduction
[7.988s] Level 1:colcon.colcon_core.environment:checking '/home/dawgs_nx/dawgs_f1tenth/01_labs/lab1/install/lab1_introduction' for CMake module files
[7.992s] Level 1:colcon.colcon_core.environment:checking '/home/dawgs_nx/dawgs_f1tenth/01_labs/lab1/install/lab1_introduction' for CMake config files
[7.995s] Level 1:colcon.colcon_core.shell:create_environment_hook('lab1_introduction', 'cmake_prefix_path')
[7.997s] INFO:colcon.colcon_core.shell:Creating environment hook '/home/dawgs_nx/dawgs_f1tenth/01_labs/lab1/install/lab1_introduction/share/lab1_introduction/hook/cmake_prefix_path.ps1'
[8.002s] INFO:colcon.colcon_core.shell:Creating environment descriptor '/home/dawgs_nx/dawgs_f1tenth/01_labs/lab1/install/lab1_introduction/share/lab1_introduction/hook/cmake_prefix_path.dsv'
[8.004s] INFO:colcon.colcon_core.shell:Creating environment hook '/home/dawgs_nx/dawgs_f1tenth/01_labs/lab1/install/lab1_introduction/share/lab1_introduction/hook/cmake_prefix_path.sh'
[8.013s] Level 1:colcon.colcon_core.environment:checking '/home/dawgs_nx/dawgs_f1tenth/01_labs/lab1/install/lab1_introduction/lib'
[8.015s] Level 1:colcon.colcon_core.environment:checking '/home/dawgs_nx/dawgs_f1tenth/01_labs/lab1/install/lab1_introduction/bin'
[8.015s] Level 1:colcon.colcon_core.shell:create_environment_hook('lab1_introduction', 'path')
[8.016s] INFO:colcon.colcon_core.shell:Creating environment hook '/home/dawgs_nx/dawgs_f1tenth/01_labs/lab1/install/lab1_introduction/share/lab1_introduction/hook/path.ps1'
[8.019s] INFO:colcon.colcon_core.shell:Creating environment descriptor '/home/dawgs_nx/dawgs_f1tenth/01_labs/lab1/install/lab1_introduction/share/lab1_introduction/hook/path.dsv'
[8.022s] INFO:colcon.colcon_core.shell:Creating environment hook '/home/dawgs_nx/dawgs_f1tenth/01_labs/lab1/install/lab1_introduction/share/lab1_introduction/hook/path.sh'
[8.026s] Level 1:colcon.colcon_core.environment:checking '/home/dawgs_nx/dawgs_f1tenth/01_labs/lab1/install/lab1_introduction/lib/pkgconfig/lab1_introduction.pc'
[8.028s] Level 1:colcon.colcon_core.environment:checking '/home/dawgs_nx/dawgs_f1tenth/01_labs/lab1/install/lab1_introduction/lib/python3.8/site-packages'
[8.029s] Level 1:colcon.colcon_core.environment:checking '/home/dawgs_nx/dawgs_f1tenth/01_labs/lab1/install/lab1_introduction/bin'
[8.030s] Level 1:colcon.colcon_core.shell:create_environment_hook('lab1_introduction', 'pythonscriptspath')
[8.032s] INFO:colcon.colcon_core.shell:Creating environment hook '/home/dawgs_nx/dawgs_f1tenth/01_labs/lab1/install/lab1_introduction/share/lab1_introduction/hook/pythonscriptspath.ps1'
[8.035s] INFO:colcon.colcon_core.shell:Creating environment descriptor '/home/dawgs_nx/dawgs_f1tenth/01_labs/lab1/install/lab1_introduction/share/lab1_introduction/hook/pythonscriptspath.dsv'
[8.038s] INFO:colcon.colcon_core.shell:Creating environment hook '/home/dawgs_nx/dawgs_f1tenth/01_labs/lab1/install/lab1_introduction/share/lab1_introduction/hook/pythonscriptspath.sh'
[8.043s] INFO:colcon.colcon_core.shell:Creating package script '/home/dawgs_nx/dawgs_f1tenth/01_labs/lab1/install/lab1_introduction/share/lab1_introduction/package.ps1'
[8.048s] INFO:colcon.colcon_core.shell:Creating package descriptor '/home/dawgs_nx/dawgs_f1tenth/01_labs/lab1/install/lab1_introduction/share/lab1_introduction/package.dsv'
[8.052s] INFO:colcon.colcon_core.shell:Creating package script '/home/dawgs_nx/dawgs_f1tenth/01_labs/lab1/install/lab1_introduction/share/lab1_introduction/package.sh'
[8.059s] INFO:colcon.colcon_core.shell:Creating package script '/home/dawgs_nx/dawgs_f1tenth/01_labs/lab1/install/lab1_introduction/share/lab1_introduction/package.bash'
[8.063s] INFO:colcon.colcon_core.shell:Creating package script '/home/dawgs_nx/dawgs_f1tenth/01_labs/lab1/install/lab1_introduction/share/lab1_introduction/package.zsh'
[8.068s] Level 1:colcon.colcon_core.environment:create_file_with_runtime_dependencies(/home/dawgs_nx/dawgs_f1tenth/01_labs/lab1/install/lab1_introduction/share/colcon-core/packages/lab1_introduction)
[8.295s] Level 1:colcon.colcon_core.environment:create_environment_scripts_only(lab1_introduction)
[8.300s] Level 1:colcon.colcon_core.environment:checking '/home/dawgs_nx/dawgs_f1tenth/01_labs/lab1/install/lab1_introduction' for CMake module files
[8.306s] Level 1:colcon.colcon_core.environment:checking '/home/dawgs_nx/dawgs_f1tenth/01_labs/lab1/install/lab1_introduction' for CMake config files
[8.310s] Level 1:colcon.colcon_core.shell:create_environment_hook('lab1_introduction', 'cmake_prefix_path')
[8.311s] INFO:colcon.colcon_core.shell:Creating environment hook '/home/dawgs_nx/dawgs_f1tenth/01_labs/lab1/install/lab1_introduction/share/lab1_introduction/hook/cmake_prefix_path.ps1'
[8.316s] INFO:colcon.colcon_core.shell:Creating environment descriptor '/home/dawgs_nx/dawgs_f1tenth/01_labs/lab1/install/lab1_introduction/share/lab1_introduction/hook/cmake_prefix_path.dsv'
[8.318s] INFO:colcon.colcon_core.shell:Creating environment hook '/home/dawgs_nx/dawgs_f1tenth/01_labs/lab1/install/lab1_introduction/share/lab1_introduction/hook/cmake_prefix_path.sh'
[8.322s] Level 1:colcon.colcon_core.environment:checking '/home/dawgs_nx/dawgs_f1tenth/01_labs/lab1/install/lab1_introduction/lib'
[8.323s] Level 1:colcon.colcon_core.environment:checking '/home/dawgs_nx/dawgs_f1tenth/01_labs/lab1/install/lab1_introduction/bin'
[8.325s] Level 1:colcon.colcon_core.shell:create_environment_hook('lab1_introduction', 'path')
[8.327s] INFO:colcon.colcon_core.shell:Creating environment hook '/home/dawgs_nx/dawgs_f1tenth/01_labs/lab1/install/lab1_introduction/share/lab1_introduction/hook/path.ps1'
[8.332s] INFO:colcon.colcon_core.shell:Creating environment descriptor '/home/dawgs_nx/dawgs_f1tenth/01_labs/lab1/install/lab1_introduction/share/lab1_introduction/hook/path.dsv'
[8.336s] INFO:colcon.colcon_core.shell:Creating environment hook '/home/dawgs_nx/dawgs_f1tenth/01_labs/lab1/install/lab1_introduction/share/lab1_introduction/hook/path.sh'
[8.340s] Level 1:colcon.colcon_core.environment:checking '/home/dawgs_nx/dawgs_f1tenth/01_labs/lab1/install/lab1_introduction/lib/pkgconfig/lab1_introduction.pc'
[8.343s] Level 1:colcon.colcon_core.environment:checking '/home/dawgs_nx/dawgs_f1tenth/01_labs/lab1/install/lab1_introduction/lib/python3.8/site-packages'
[8.344s] Level 1:colcon.colcon_core.environment:checking '/home/dawgs_nx/dawgs_f1tenth/01_labs/lab1/install/lab1_introduction/bin'
[8.345s] Level 1:colcon.colcon_core.shell:create_environment_hook('lab1_introduction', 'pythonscriptspath')
[8.348s] INFO:colcon.colcon_core.shell:Creating environment hook '/home/dawgs_nx/dawgs_f1tenth/01_labs/lab1/install/lab1_introduction/share/lab1_introduction/hook/pythonscriptspath.ps1'
[8.351s] INFO:colcon.colcon_core.shell:Creating environment descriptor '/home/dawgs_nx/dawgs_f1tenth/01_labs/lab1/install/lab1_introduction/share/lab1_introduction/hook/pythonscriptspath.dsv'
[8.354s] INFO:colcon.colcon_core.shell:Creating environment hook '/home/dawgs_nx/dawgs_f1tenth/01_labs/lab1/install/lab1_introduction/share/lab1_introduction/hook/pythonscriptspath.sh'
[8.360s] INFO:colcon.colcon_core.shell:Creating package script '/home/dawgs_nx/dawgs_f1tenth/01_labs/lab1/install/lab1_introduction/share/lab1_introduction/package.ps1'
[8.367s] INFO:colcon.colcon_core.shell:Creating package descriptor '/home/dawgs_nx/dawgs_f1tenth/01_labs/lab1/install/lab1_introduction/share/lab1_introduction/package.dsv'
[8.373s] INFO:colcon.colcon_core.shell:Creating package script '/home/dawgs_nx/dawgs_f1tenth/01_labs/lab1/install/lab1_introduction/share/lab1_introduction/package.sh'
[8.378s] INFO:colcon.colcon_core.shell:Creating package script '/home/dawgs_nx/dawgs_f1tenth/01_labs/lab1/install/lab1_introduction/share/lab1_introduction/package.bash'
[8.382s] INFO:colcon.colcon_core.shell:Creating package script '/home/dawgs_nx/dawgs_f1tenth/01_labs/lab1/install/lab1_introduction/share/lab1_introduction/package.zsh'
[8.386s] Level 1:colcon.colcon_core.environment:create_file_with_runtime_dependencies(/home/dawgs_nx/dawgs_f1tenth/01_labs/lab1/install/lab1_introduction/share/colcon-core/packages/lab1_introduction)
[8.393s] DEBUG:colcon.colcon_parallel_executor.executor.parallel:closing loop
[8.394s] DEBUG:colcon.colcon_parallel_executor.executor.parallel:loop closed
[8.395s] DEBUG:colcon.colcon_parallel_executor.executor.parallel:run_until_complete finished with '0'
[8.396s] DEBUG:colcon.colcon_core.event_reactor:joining thread
[8.460s] INFO:colcon.colcon_core.plugin_system:Skipping extension 'colcon_notification.desktop_notification.terminal_notifier': Not used on non-Darwin systems
[8.461s] INFO:colcon.colcon_core.plugin_system:Skipping extension 'colcon_notification.desktop_notification.win32': Not used on non-Windows systems
[8.461s] INFO:colcon.colcon_notification.desktop_notification:Sending desktop notification using 'notify2'
[8.582s] DEBUG:colcon.colcon_core.event_reactor:joined thread
[8.584s] INFO:colcon.colcon_core.shell:Creating prefix script '/home/dawgs_nx/dawgs_f1tenth/01_labs/lab1/install/local_setup.ps1'
[8.589s] INFO:colcon.colcon_core.shell:Creating prefix util module '/home/dawgs_nx/dawgs_f1tenth/01_labs/lab1/install/_local_setup_util_ps1.py'
[8.596s] INFO:colcon.colcon_core.shell:Creating prefix chain script '/home/dawgs_nx/dawgs_f1tenth/01_labs/lab1/install/setup.ps1'
[8.603s] INFO:colcon.colcon_core.shell:Creating prefix script '/home/dawgs_nx/dawgs_f1tenth/01_labs/lab1/install/local_setup.sh'
[8.607s] INFO:colcon.colcon_core.shell:Creating prefix util module '/home/dawgs_nx/dawgs_f1tenth/01_labs/lab1/install/_local_setup_util_sh.py'
[8.610s] INFO:colcon.colcon_core.shell:Creating prefix chain script '/home/dawgs_nx/dawgs_f1tenth/01_labs/lab1/install/setup.sh'
[8.615s] INFO:colcon.colcon_core.shell:Creating prefix script '/home/dawgs_nx/dawgs_f1tenth/01_labs/lab1/install/local_setup.bash'
[8.618s] INFO:colcon.colcon_core.shell:Creating prefix chain script '/home/dawgs_nx/dawgs_f1tenth/01_labs/lab1/install/setup.bash'
[8.623s] INFO:colcon.colcon_core.shell:Creating prefix script '/home/dawgs_nx/dawgs_f1tenth/01_labs/lab1/install/local_setup.zsh'
[8.626s] INFO:colcon.colcon_core.shell:Creating prefix chain script '/home/dawgs_nx/dawgs_f1tenth/01_labs/lab1/install/setup.zsh'
