[35m[1mScanning dependencies of target ackermann_talker[0m
[ 50%] [32mBuilding CXX object CMakeFiles/ackermann_talker.dir/src/ackermann_talker.cpp.o[0m
[01m[K/home/dawgs_nx/dawgs_f1tenth/01_labs/lab1/src/lab1_introduction/src/ackermann_talker.cpp:[m[K In constructor ‘[01m[KAckermannTalker::AckermannTalker()[m[K’:
[01m[K/home/dawgs_nx/dawgs_f1tenth/01_labs/lab1/src/lab1_introduction/src/ackermann_talker.cpp:12:90:[m[K [01;31m[Kerror: [m[Kexpected ‘[01m[K;[m[K’ before ‘[01m[Ksteering_gain_[m[K’
   12 |   right_steering_end_point_ = declare_parameter<double>("right_steering_end_point_", 1.0)
      |                                                                                          [01;31m[K^[m[K
      |                                                                                          [32m[K;[m[K
   13 |   [32m[Ksteering_gain_[m[K = declare_parameter("steering_gain", 1.0).get<double>();
      |   [32m[K~~~~~~~~~~~~~~[m[K                                                                          
[01m[K/home/dawgs_nx/dawgs_f1tenth/01_labs/lab1/src/lab1_introduction/src/ackermann_talker.cpp:14:64:[m[K [01;31m[Kerror: [m[Krequest for member ‘[01m[Kget[m[K’ in ‘[01m[K((AckermannTalker*)this)->AckermannTalker::<anonymous>.rclcpp::Node::declare_parameter<double>(std::__cxx11::basic_string<char>(((const char*)"steering_offset"), std::allocator<char>()), 0.0, rcl_interfaces::msg::ParameterDescriptor_<std::allocator<void> >(rosidl_runtime_cpp::MessageInitialization::ALL), false)[m[K’, which is of non-class type ‘[01m[Kdouble[m[K’
   14 |   steering_offset_ = declare_parameter("steering_offset", 0.0).[01;31m[Kget[m[K<double>();
      |                                                                [01;31m[K^~~[m[K
[01m[K/home/dawgs_nx/dawgs_f1tenth/01_labs/lab1/src/lab1_introduction/src/ackermann_talker.cpp:14:68:[m[K [01;31m[Kerror: [m[Kexpected primary-expression before ‘[01m[Kdouble[m[K’
   14 |   steering_offset_ = declare_parameter("steering_offset", 0.0).get<[01;31m[Kdouble[m[K>();
      |                                                                    [01;31m[K^~~~~~[m[K
[01m[K/home/dawgs_nx/dawgs_f1tenth/01_labs/lab1/src/lab1_introduction/src/ackermann_talker.cpp:18:129:[m[K [01;31m[Kerror: [m[K‘[01m[Kstd::placeholder[m[K’ has not been declared
   18 | msg::Joy>("joy", 10, std::bind(&AckermannTalker::joy_callback_, this, std::[01;31m[Kplaceholder[m[K::_1));
      |                                                                            [01;31m[K^~~~~~~~~~~[m[K

make[2]: *** [CMakeFiles/ackermann_talker.dir/build.make:63: CMakeFiles/ackermann_talker.dir/src/ackermann_talker.cpp.o] Error 1
make[1]: *** [CMakeFiles/Makefile2:78: CMakeFiles/ackermann_talker.dir/all] Error 2
make: *** [Makefile:141: all] Error 2
