[1.083s] DEBUG:colcon:Command line arguments: ['/usr/bin/colcon', 'build', '--symlink-install']
[1.084s] DEBUG:colcon:Parsed command line arguments: Namespace(allow_overriding=[], ament_cmake_args=None, base_paths=['.'], build_base='build', catkin_cmake_args=None, catkin_skip_building_tests=False, cmake_args=None, cmake_clean_cache=False, cmake_clean_first=False, cmake_force_configure=False, cmake_target=None, cmake_target_skip_unavailable=False, continue_on_error=False, event_handlers=None, executor='parallel', ignore_user_meta=False, install_base='install', log_base=None, log_level=None, main=<bound method BuildVerb.main of <colcon_core.verb.build.BuildVerb object at 0xffffa05c4a60>>, merge_install=False, metas=['./colcon.meta'], mixin=None, mixin_files=None, mixin_verb=('build',), packages_above=None, packages_above_and_dependencies=None, packages_above_depth=None, packages_end=None, packages_ignore=None, packages_ignore_regex=None, packages_select=None, packages_select_build_failed=False, packages_select_by_dep=None, packages_select_regex=None, packages_select_test_failures=False, packages_skip=None, packages_skip_build_finished=False, packages_skip_by_dep=None, packages_skip_regex=None, packages_skip_test_passed=False, packages_skip_up_to=None, packages_start=None, packages_up_to=None, packages_up_to_regex=None, parallel_workers=6, paths=None, symlink_install=True, test_result_base=None, verb_extension=<colcon_core.verb.build.BuildVerb object at 0xffffa05c4a60>, verb_name='build', verb_parser=<colcon_mixin.mixin.mixin_argument.MixinArgumentDecorator object at 0xffffa0592f70>)
[1.973s] Level 1:colcon.colcon_core.package_discovery:discover_packages(colcon_meta) check parameters
[1.974s] Level 1:colcon.colcon_core.package_discovery:discover_packages(recursive) check parameters
[1.975s] Level 1:colcon.colcon_core.package_discovery:discover_packages(ignore) check parameters
[1.975s] Level 1:colcon.colcon_core.package_discovery:discover_packages(path) check parameters
[1.976s] Level 1:colcon.colcon_core.package_discovery:discover_packages(colcon_meta) discover
[1.976s] Level 1:colcon.colcon_core.package_discovery:discover_packages(recursive) discover
[1.977s] INFO:colcon.colcon_core.package_discovery:Crawling recursively for packages in '/home/dawgs_nx/dawgs_f1tenth/01_labs/lab1'
[1.978s] Level 1:colcon.colcon_core.package_identification:_identify(.) by extensions ['ignore', 'ignore_ament_install']
[1.978s] Level 1:colcon.colcon_core.package_identification:_identify(.) by extension 'ignore'
[1.979s] Level 1:colcon.colcon_core.package_identification:_identify(.) by extension 'ignore_ament_install'
[1.980s] Level 1:colcon.colcon_core.package_identification:_identify(.) by extensions ['colcon_pkg']
[1.980s] Level 1:colcon.colcon_core.package_identification:_identify(.) by extension 'colcon_pkg'
[1.981s] Level 1:colcon.colcon_core.package_identification:_identify(.) by extensions ['colcon_meta']
[1.981s] Level 1:colcon.colcon_core.package_identification:_identify(.) by extension 'colcon_meta'
[1.982s] Level 1:colcon.colcon_core.package_identification:_identify(.) by extensions ['ros']
[1.982s] Level 1:colcon.colcon_core.package_identification:_identify(.) by extension 'ros'
[2.052s] Level 1:colcon.colcon_core.package_identification:_identify(.) by extensions ['cmake', 'python']
[2.053s] Level 1:colcon.colcon_core.package_identification:_identify(.) by extension 'cmake'
[2.053s] Level 1:colcon.colcon_core.package_identification:_identify(.) by extension 'python'
[2.054s] Level 1:colcon.colcon_core.package_identification:_identify(.) by extensions ['python_setup_py']
[2.055s] Level 1:colcon.colcon_core.package_identification:_identify(.) by extension 'python_setup_py'
[2.057s] Level 1:colcon.colcon_core.package_identification:_identify(build) by extensions ['ignore', 'ignore_ament_install']
[2.059s] Level 1:colcon.colcon_core.package_identification:_identify(build) by extension 'ignore'
[2.059s] Level 1:colcon.colcon_core.package_identification:_identify(build) ignored
[2.061s] Level 1:colcon.colcon_core.package_identification:_identify(install) by extensions ['ignore', 'ignore_ament_install']
[2.063s] Level 1:colcon.colcon_core.package_identification:_identify(install) by extension 'ignore'
[2.063s] Level 1:colcon.colcon_core.package_identification:_identify(install) ignored
[2.065s] Level 1:colcon.colcon_core.package_identification:_identify(log) by extensions ['ignore', 'ignore_ament_install']
[2.067s] Level 1:colcon.colcon_core.package_identification:_identify(log) by extension 'ignore'
[2.067s] Level 1:colcon.colcon_core.package_identification:_identify(log) ignored
[2.069s] Level 1:colcon.colcon_core.package_identification:_identify(src) by extensions ['ignore', 'ignore_ament_install']
[2.070s] Level 1:colcon.colcon_core.package_identification:_identify(src) by extension 'ignore'
[2.070s] Level 1:colcon.colcon_core.package_identification:_identify(src) by extension 'ignore_ament_install'
[2.071s] Level 1:colcon.colcon_core.package_identification:_identify(src) by extensions ['colcon_pkg']
[2.071s] Level 1:colcon.colcon_core.package_identification:_identify(src) by extension 'colcon_pkg'
[2.072s] Level 1:colcon.colcon_core.package_identification:_identify(src) by extensions ['colcon_meta']
[2.073s] Level 1:colcon.colcon_core.package_identification:_identify(src) by extension 'colcon_meta'
[2.073s] Level 1:colcon.colcon_core.package_identification:_identify(src) by extensions ['ros']
[2.074s] Level 1:colcon.colcon_core.package_identification:_identify(src) by extension 'ros'
[2.075s] Level 1:colcon.colcon_core.package_identification:_identify(src) by extensions ['cmake', 'python']
[2.075s] Level 1:colcon.colcon_core.package_identification:_identify(src) by extension 'cmake'
[2.076s] Level 1:colcon.colcon_core.package_identification:_identify(src) by extension 'python'
[2.076s] Level 1:colcon.colcon_core.package_identification:_identify(src) by extensions ['python_setup_py']
[2.077s] Level 1:colcon.colcon_core.package_identification:_identify(src) by extension 'python_setup_py'
[2.078s] Level 1:colcon.colcon_core.package_identification:_identify(src/lab1_introduction) by extensions ['ignore', 'ignore_ament_install']
[2.079s] Level 1:colcon.colcon_core.package_identification:_identify(src/lab1_introduction) by extension 'ignore'
[2.080s] Level 1:colcon.colcon_core.package_identification:_identify(src/lab1_introduction) by extension 'ignore_ament_install'
[2.081s] Level 1:colcon.colcon_core.package_identification:_identify(src/lab1_introduction) by extensions ['colcon_pkg']
[2.081s] Level 1:colcon.colcon_core.package_identification:_identify(src/lab1_introduction) by extension 'colcon_pkg'
[2.081s] Level 1:colcon.colcon_core.package_identification:_identify(src/lab1_introduction) by extensions ['colcon_meta']
[2.082s] Level 1:colcon.colcon_core.package_identification:_identify(src/lab1_introduction) by extension 'colcon_meta'
[2.082s] Level 1:colcon.colcon_core.package_identification:_identify(src/lab1_introduction) by extensions ['ros']
[2.082s] Level 1:colcon.colcon_core.package_identification:_identify(src/lab1_introduction) by extension 'ros'
[2.097s] DEBUG:colcon.colcon_core.package_identification:Package 'src/lab1_introduction' with type 'ros.ament_cmake' and name 'lab1_introduction'
[2.098s] Level 1:colcon.colcon_core.package_discovery:discover_packages(recursive) using defaults
[2.098s] Level 1:colcon.colcon_core.package_discovery:discover_packages(ignore) discover
[2.099s] Level 1:colcon.colcon_core.package_discovery:discover_packages(ignore) using defaults
[2.099s] Level 1:colcon.colcon_core.package_discovery:discover_packages(path) discover
[2.100s] Level 1:colcon.colcon_core.package_discovery:discover_packages(path) using defaults
[2.180s] Level 1:colcon.colcon_core.package_discovery:discover_packages(prefix_path) check parameters
[2.180s] Level 1:colcon.colcon_core.package_discovery:discover_packages(prefix_path) discover
[2.190s] DEBUG:colcon.colcon_installed_package_information.package_discovery:Found 1 installed packages in /home/dawgs_nx/dawgs_f1tenth/01_labs/lab1/install
[2.200s] DEBUG:colcon.colcon_installed_package_information.package_discovery:Found 286 installed packages in /opt/ros/foxy
[2.210s] Level 1:colcon.colcon_core.package_discovery:discover_packages(prefix_path) using defaults
[2.622s] Level 5:colcon.colcon_core.verb:set package 'lab1_introduction' build argument 'cmake_args' from command line to 'None'
[2.623s] Level 5:colcon.colcon_core.verb:set package 'lab1_introduction' build argument 'cmake_target' from command line to 'None'
[2.623s] Level 5:colcon.colcon_core.verb:set package 'lab1_introduction' build argument 'cmake_target_skip_unavailable' from command line to 'False'
[2.623s] Level 5:colcon.colcon_core.verb:set package 'lab1_introduction' build argument 'cmake_clean_cache' from command line to 'False'
[2.623s] Level 5:colcon.colcon_core.verb:set package 'lab1_introduction' build argument 'cmake_clean_first' from command line to 'False'
[2.624s] Level 5:colcon.colcon_core.verb:set package 'lab1_introduction' build argument 'cmake_force_configure' from command line to 'False'
[2.624s] Level 5:colcon.colcon_core.verb:set package 'lab1_introduction' build argument 'ament_cmake_args' from command line to 'None'
[2.624s] Level 5:colcon.colcon_core.verb:set package 'lab1_introduction' build argument 'catkin_cmake_args' from command line to 'None'
[2.624s] Level 5:colcon.colcon_core.verb:set package 'lab1_introduction' build argument 'catkin_skip_building_tests' from command line to 'False'
[2.624s] DEBUG:colcon.colcon_core.verb:Building package 'lab1_introduction' with the following arguments: {'ament_cmake_args': None, 'build_base': '/home/dawgs_nx/dawgs_f1tenth/01_labs/lab1/build/lab1_introduction', 'catkin_cmake_args': None, 'catkin_skip_building_tests': False, 'cmake_args': None, 'cmake_clean_cache': False, 'cmake_clean_first': False, 'cmake_force_configure': False, 'cmake_target': None, 'cmake_target_skip_unavailable': False, 'install_base': '/home/dawgs_nx/dawgs_f1tenth/01_labs/lab1/install/lab1_introduction', 'merge_install': False, 'path': '/home/dawgs_nx/dawgs_f1tenth/01_labs/lab1/src/lab1_introduction', 'symlink_install': True, 'test_result_base': None}
[2.625s] INFO:colcon.colcon_core.executor:Executing jobs using 'parallel' executor
[2.631s] DEBUG:colcon.colcon_parallel_executor.executor.parallel:run_until_complete
[2.632s] INFO:colcon.colcon_ros.task.ament_cmake.build:Building ROS package in '/home/dawgs_nx/dawgs_f1tenth/01_labs/lab1/src/lab1_introduction' with build type 'ament_cmake'
[2.633s] INFO:colcon.colcon_cmake.task.cmake.build:Building CMake package in '/home/dawgs_nx/dawgs_f1tenth/01_labs/lab1/src/lab1_introduction'
[2.643s] INFO:colcon.colcon_core.plugin_system:Skipping extension 'colcon_core.shell.bat': Not used on non-Windows systems
[2.644s] INFO:colcon.colcon_core.shell:Skip shell extension 'powershell' for command environment: Not usable outside of PowerShell
[2.644s] DEBUG:colcon.colcon_core.shell:Skip shell extension 'dsv' for command environment
[2.767s] DEBUG:colcon.colcon_core.event_handler.log_command:Invoking command in '/home/dawgs_nx/dawgs_f1tenth/01_labs/lab1/build/lab1_introduction': CMAKE_PREFIX_PATH=${CMAKE_PREFIX_PATH}:/opt/ros/foxy /usr/bin/cmake --build /home/dawgs_nx/dawgs_f1tenth/01_labs/lab1/build/lab1_introduction -- -j6 -l6
[8.223s] DEBUG:colcon.colcon_core.event_handler.log_command:Invoked command in '/home/dawgs_nx/dawgs_f1tenth/01_labs/lab1/build/lab1_introduction' returned '0': CMAKE_PREFIX_PATH=${CMAKE_PREFIX_PATH}:/opt/ros/foxy /usr/bin/cmake --build /home/dawgs_nx/dawgs_f1tenth/01_labs/lab1/build/lab1_introduction -- -j6 -l6
[8.465s] DEBUG:colcon.colcon_core.event_handler.log_command:Invoking command in '/home/dawgs_nx/dawgs_f1tenth/01_labs/lab1/build/lab1_introduction': CMAKE_PREFIX_PATH=${CMAKE_PREFIX_PATH}:/opt/ros/foxy /usr/bin/cmake --install /home/dawgs_nx/dawgs_f1tenth/01_labs/lab1/build/lab1_introduction
[8.729s] Level 1:colcon.colcon_core.environment:create_environment_scripts_only(lab1_introduction)
[8.739s] DEBUG:colcon.colcon_core.event_handler.log_command:Invoked command in '/home/dawgs_nx/dawgs_f1tenth/01_labs/lab1/build/lab1_introduction' returned '0': CMAKE_PREFIX_PATH=${CMAKE_PREFIX_PATH}:/opt/ros/foxy /usr/bin/cmake --install /home/dawgs_nx/dawgs_f1tenth/01_labs/lab1/build/lab1_introduction
[8.753s] Level 1:colcon.colcon_core.environment:checking '/home/dawgs_nx/dawgs_f1tenth/01_labs/lab1/install/lab1_introduction' for CMake module files
[8.758s] Level 1:colcon.colcon_core.environment:checking '/home/dawgs_nx/dawgs_f1tenth/01_labs/lab1/install/lab1_introduction' for CMake config files
[8.760s] Level 1:colcon.colcon_core.shell:create_environment_hook('lab1_introduction', 'cmake_prefix_path')
[8.762s] INFO:colcon.colcon_core.shell:Creating environment hook '/home/dawgs_nx/dawgs_f1tenth/01_labs/lab1/install/lab1_introduction/share/lab1_introduction/hook/cmake_prefix_path.ps1'
[8.768s] INFO:colcon.colcon_core.shell:Creating environment descriptor '/home/dawgs_nx/dawgs_f1tenth/01_labs/lab1/install/lab1_introduction/share/lab1_introduction/hook/cmake_prefix_path.dsv'
[8.771s] INFO:colcon.colcon_core.shell:Creating environment hook '/home/dawgs_nx/dawgs_f1tenth/01_labs/lab1/install/lab1_introduction/share/lab1_introduction/hook/cmake_prefix_path.sh'
[8.777s] Level 1:colcon.colcon_core.environment:checking '/home/dawgs_nx/dawgs_f1tenth/01_labs/lab1/install/lab1_introduction/lib'
[8.779s] Level 1:colcon.colcon_core.environment:checking '/home/dawgs_nx/dawgs_f1tenth/01_labs/lab1/install/lab1_introduction/bin'
[8.779s] Level 1:colcon.colcon_core.shell:create_environment_hook('lab1_introduction', 'path')
[8.781s] INFO:colcon.colcon_core.shell:Creating environment hook '/home/dawgs_nx/dawgs_f1tenth/01_labs/lab1/install/lab1_introduction/share/lab1_introduction/hook/path.ps1'
[8.783s] INFO:colcon.colcon_core.shell:Creating environment descriptor '/home/dawgs_nx/dawgs_f1tenth/01_labs/lab1/install/lab1_introduction/share/lab1_introduction/hook/path.dsv'
[8.786s] INFO:colcon.colcon_core.shell:Creating environment hook '/home/dawgs_nx/dawgs_f1tenth/01_labs/lab1/install/lab1_introduction/share/lab1_introduction/hook/path.sh'
[8.788s] Level 1:colcon.colcon_core.environment:checking '/home/dawgs_nx/dawgs_f1tenth/01_labs/lab1/install/lab1_introduction/lib/pkgconfig/lab1_introduction.pc'
[8.790s] Level 1:colcon.colcon_core.environment:checking '/home/dawgs_nx/dawgs_f1tenth/01_labs/lab1/install/lab1_introduction/lib/python3.8/site-packages'
[8.791s] Level 1:colcon.colcon_core.environment:checking '/home/dawgs_nx/dawgs_f1tenth/01_labs/lab1/install/lab1_introduction/bin'
[8.792s] Level 1:colcon.colcon_core.shell:create_environment_hook('lab1_introduction', 'pythonscriptspath')
[8.793s] INFO:colcon.colcon_core.shell:Creating environment hook '/home/dawgs_nx/dawgs_f1tenth/01_labs/lab1/install/lab1_introduction/share/lab1_introduction/hook/pythonscriptspath.ps1'
[8.797s] INFO:colcon.colcon_core.shell:Creating environment descriptor '/home/dawgs_nx/dawgs_f1tenth/01_labs/lab1/install/lab1_introduction/share/lab1_introduction/hook/pythonscriptspath.dsv'
[8.800s] INFO:colcon.colcon_core.shell:Creating environment hook '/home/dawgs_nx/dawgs_f1tenth/01_labs/lab1/install/lab1_introduction/share/lab1_introduction/hook/pythonscriptspath.sh'
[8.805s] INFO:colcon.colcon_core.shell:Creating package script '/home/dawgs_nx/dawgs_f1tenth/01_labs/lab1/install/lab1_introduction/share/lab1_introduction/package.ps1'
[8.811s] INFO:colcon.colcon_core.shell:Creating package descriptor '/home/dawgs_nx/dawgs_f1tenth/01_labs/lab1/install/lab1_introduction/share/lab1_introduction/package.dsv'
[8.815s] INFO:colcon.colcon_core.shell:Creating package script '/home/dawgs_nx/dawgs_f1tenth/01_labs/lab1/install/lab1_introduction/share/lab1_introduction/package.sh'
[8.822s] INFO:colcon.colcon_core.shell:Creating package script '/home/dawgs_nx/dawgs_f1tenth/01_labs/lab1/install/lab1_introduction/share/lab1_introduction/package.bash'
[8.826s] INFO:colcon.colcon_core.shell:Creating package script '/home/dawgs_nx/dawgs_f1tenth/01_labs/lab1/install/lab1_introduction/share/lab1_introduction/package.zsh'
[8.831s] Level 1:colcon.colcon_core.environment:create_file_with_runtime_dependencies(/home/dawgs_nx/dawgs_f1tenth/01_labs/lab1/install/lab1_introduction/share/colcon-core/packages/lab1_introduction)
[9.003s] Level 1:colcon.colcon_core.environment:create_environment_scripts_only(lab1_introduction)
[9.006s] Level 1:colcon.colcon_core.environment:checking '/home/dawgs_nx/dawgs_f1tenth/01_labs/lab1/install/lab1_introduction' for CMake module files
[9.013s] Level 1:colcon.colcon_core.environment:checking '/home/dawgs_nx/dawgs_f1tenth/01_labs/lab1/install/lab1_introduction' for CMake config files
[9.016s] Level 1:colcon.colcon_core.shell:create_environment_hook('lab1_introduction', 'cmake_prefix_path')
[9.018s] INFO:colcon.colcon_core.shell:Creating environment hook '/home/dawgs_nx/dawgs_f1tenth/01_labs/lab1/install/lab1_introduction/share/lab1_introduction/hook/cmake_prefix_path.ps1'
[9.023s] INFO:colcon.colcon_core.shell:Creating environment descriptor '/home/dawgs_nx/dawgs_f1tenth/01_labs/lab1/install/lab1_introduction/share/lab1_introduction/hook/cmake_prefix_path.dsv'
[9.026s] INFO:colcon.colcon_core.shell:Creating environment hook '/home/dawgs_nx/dawgs_f1tenth/01_labs/lab1/install/lab1_introduction/share/lab1_introduction/hook/cmake_prefix_path.sh'
[9.031s] Level 1:colcon.colcon_core.environment:checking '/home/dawgs_nx/dawgs_f1tenth/01_labs/lab1/install/lab1_introduction/lib'
[9.032s] Level 1:colcon.colcon_core.environment:checking '/home/dawgs_nx/dawgs_f1tenth/01_labs/lab1/install/lab1_introduction/bin'
[9.032s] Level 1:colcon.colcon_core.shell:create_environment_hook('lab1_introduction', 'path')
[9.034s] INFO:colcon.colcon_core.shell:Creating environment hook '/home/dawgs_nx/dawgs_f1tenth/01_labs/lab1/install/lab1_introduction/share/lab1_introduction/hook/path.ps1'
[9.038s] INFO:colcon.colcon_core.shell:Creating environment descriptor '/home/dawgs_nx/dawgs_f1tenth/01_labs/lab1/install/lab1_introduction/share/lab1_introduction/hook/path.dsv'
[9.043s] INFO:colcon.colcon_core.shell:Creating environment hook '/home/dawgs_nx/dawgs_f1tenth/01_labs/lab1/install/lab1_introduction/share/lab1_introduction/hook/path.sh'
[9.047s] Level 1:colcon.colcon_core.environment:checking '/home/dawgs_nx/dawgs_f1tenth/01_labs/lab1/install/lab1_introduction/lib/pkgconfig/lab1_introduction.pc'
[9.049s] Level 1:colcon.colcon_core.environment:checking '/home/dawgs_nx/dawgs_f1tenth/01_labs/lab1/install/lab1_introduction/lib/python3.8/site-packages'
[9.051s] Level 1:colcon.colcon_core.environment:checking '/home/dawgs_nx/dawgs_f1tenth/01_labs/lab1/install/lab1_introduction/bin'
[9.051s] Level 1:colcon.colcon_core.shell:create_environment_hook('lab1_introduction', 'pythonscriptspath')
[9.053s] INFO:colcon.colcon_core.shell:Creating environment hook '/home/dawgs_nx/dawgs_f1tenth/01_labs/lab1/install/lab1_introduction/share/lab1_introduction/hook/pythonscriptspath.ps1'
[9.057s] INFO:colcon.colcon_core.shell:Creating environment descriptor '/home/dawgs_nx/dawgs_f1tenth/01_labs/lab1/install/lab1_introduction/share/lab1_introduction/hook/pythonscriptspath.dsv'
[9.060s] INFO:colcon.colcon_core.shell:Creating environment hook '/home/dawgs_nx/dawgs_f1tenth/01_labs/lab1/install/lab1_introduction/share/lab1_introduction/hook/pythonscriptspath.sh'
[9.066s] INFO:colcon.colcon_core.shell:Creating package script '/home/dawgs_nx/dawgs_f1tenth/01_labs/lab1/install/lab1_introduction/share/lab1_introduction/package.ps1'
[9.072s] INFO:colcon.colcon_core.shell:Creating package descriptor '/home/dawgs_nx/dawgs_f1tenth/01_labs/lab1/install/lab1_introduction/share/lab1_introduction/package.dsv'
[9.078s] INFO:colcon.colcon_core.shell:Creating package script '/home/dawgs_nx/dawgs_f1tenth/01_labs/lab1/install/lab1_introduction/share/lab1_introduction/package.sh'
[9.082s] INFO:colcon.colcon_core.shell:Creating package script '/home/dawgs_nx/dawgs_f1tenth/01_labs/lab1/install/lab1_introduction/share/lab1_introduction/package.bash'
[9.085s] INFO:colcon.colcon_core.shell:Creating package script '/home/dawgs_nx/dawgs_f1tenth/01_labs/lab1/install/lab1_introduction/share/lab1_introduction/package.zsh'
[9.089s] Level 1:colcon.colcon_core.environment:create_file_with_runtime_dependencies(/home/dawgs_nx/dawgs_f1tenth/01_labs/lab1/install/lab1_introduction/share/colcon-core/packages/lab1_introduction)
[9.092s] DEBUG:colcon.colcon_parallel_executor.executor.parallel:closing loop
[9.094s] DEBUG:colcon.colcon_parallel_executor.executor.parallel:loop closed
[9.096s] DEBUG:colcon.colcon_parallel_executor.executor.parallel:run_until_complete finished with '0'
[9.097s] DEBUG:colcon.colcon_core.event_reactor:joining thread
[9.138s] INFO:colcon.colcon_core.plugin_system:Skipping extension 'colcon_notification.desktop_notification.terminal_notifier': Not used on non-Darwin systems
[9.139s] INFO:colcon.colcon_core.plugin_system:Skipping extension 'colcon_notification.desktop_notification.win32': Not used on non-Windows systems
[9.139s] INFO:colcon.colcon_notification.desktop_notification:Sending desktop notification using 'notify2'
[9.260s] DEBUG:colcon.colcon_core.event_reactor:joined thread
[9.262s] INFO:colcon.colcon_core.shell:Creating prefix script '/home/dawgs_nx/dawgs_f1tenth/01_labs/lab1/install/local_setup.ps1'
[9.269s] INFO:colcon.colcon_core.shell:Creating prefix util module '/home/dawgs_nx/dawgs_f1tenth/01_labs/lab1/install/_local_setup_util_ps1.py'
[9.277s] INFO:colcon.colcon_core.shell:Creating prefix chain script '/home/dawgs_nx/dawgs_f1tenth/01_labs/lab1/install/setup.ps1'
[9.284s] INFO:colcon.colcon_core.shell:Creating prefix script '/home/dawgs_nx/dawgs_f1tenth/01_labs/lab1/install/local_setup.sh'
[9.287s] INFO:colcon.colcon_core.shell:Creating prefix util module '/home/dawgs_nx/dawgs_f1tenth/01_labs/lab1/install/_local_setup_util_sh.py'
[9.290s] INFO:colcon.colcon_core.shell:Creating prefix chain script '/home/dawgs_nx/dawgs_f1tenth/01_labs/lab1/install/setup.sh'
[9.297s] INFO:colcon.colcon_core.shell:Creating prefix script '/home/dawgs_nx/dawgs_f1tenth/01_labs/lab1/install/local_setup.bash'
[9.300s] INFO:colcon.colcon_core.shell:Creating prefix chain script '/home/dawgs_nx/dawgs_f1tenth/01_labs/lab1/install/setup.bash'
[9.306s] INFO:colcon.colcon_core.shell:Creating prefix script '/home/dawgs_nx/dawgs_f1tenth/01_labs/lab1/install/local_setup.zsh'
[9.309s] INFO:colcon.colcon_core.shell:Creating prefix chain script '/home/dawgs_nx/dawgs_f1tenth/01_labs/lab1/install/setup.zsh'
