[1.125s] DEBUG:colcon:Command line arguments: ['/usr/bin/colcon', 'build', '--symlink-install']
[1.125s] DEBUG:colcon:Parsed command line arguments: Namespace(allow_overriding=[], ament_cmake_args=None, base_paths=['.'], build_base='build', catkin_cmake_args=None, catkin_skip_building_tests=False, cmake_args=None, cmake_clean_cache=False, cmake_clean_first=False, cmake_force_configure=False, cmake_target=None, cmake_target_skip_unavailable=False, continue_on_error=False, event_handlers=None, executor='parallel', ignore_user_meta=False, install_base='install', log_base=None, log_level=None, main=<bound method BuildVerb.main of <colcon_core.verb.build.BuildVerb object at 0xffff95af2580>>, merge_install=False, metas=['./colcon.meta'], mixin=None, mixin_files=None, mixin_verb=('build',), packages_above=None, packages_above_and_dependencies=None, packages_above_depth=None, packages_end=None, packages_ignore=None, packages_ignore_regex=None, packages_select=None, packages_select_build_failed=False, packages_select_by_dep=None, packages_select_regex=None, packages_select_test_failures=False, packages_skip=None, packages_skip_build_finished=False, packages_skip_by_dep=None, packages_skip_regex=None, packages_skip_test_passed=False, packages_skip_up_to=None, packages_start=None, packages_up_to=None, packages_up_to_regex=None, parallel_workers=6, paths=None, symlink_install=True, test_result_base=None, verb_extension=<colcon_core.verb.build.BuildVerb object at 0xffff95af2580>, verb_name='build', verb_parser=<colcon_mixin.mixin.mixin_argument.MixinArgumentDecorator object at 0xffff95a53fa0>)
[2.022s] Level 1:colcon.colcon_core.package_discovery:discover_packages(colcon_meta) check parameters
[2.023s] Level 1:colcon.colcon_core.package_discovery:discover_packages(recursive) check parameters
[2.023s] Level 1:colcon.colcon_core.package_discovery:discover_packages(ignore) check parameters
[2.023s] Level 1:colcon.colcon_core.package_discovery:discover_packages(path) check parameters
[2.023s] Level 1:colcon.colcon_core.package_discovery:discover_packages(colcon_meta) discover
[2.024s] Level 1:colcon.colcon_core.package_discovery:discover_packages(recursive) discover
[2.024s] INFO:colcon.colcon_core.package_discovery:Crawling recursively for packages in '/home/dawgs_nx/dawgs_f1tenth/01_labs/lab1'
[2.025s] Level 1:colcon.colcon_core.package_identification:_identify(.) by extensions ['ignore', 'ignore_ament_install']
[2.025s] Level 1:colcon.colcon_core.package_identification:_identify(.) by extension 'ignore'
[2.026s] Level 1:colcon.colcon_core.package_identification:_identify(.) by extension 'ignore_ament_install'
[2.026s] Level 1:colcon.colcon_core.package_identification:_identify(.) by extensions ['colcon_pkg']
[2.026s] Level 1:colcon.colcon_core.package_identification:_identify(.) by extension 'colcon_pkg'
[2.027s] Level 1:colcon.colcon_core.package_identification:_identify(.) by extensions ['colcon_meta']
[2.027s] Level 1:colcon.colcon_core.package_identification:_identify(.) by extension 'colcon_meta'
[2.027s] Level 1:colcon.colcon_core.package_identification:_identify(.) by extensions ['ros']
[2.027s] Level 1:colcon.colcon_core.package_identification:_identify(.) by extension 'ros'
[2.092s] Level 1:colcon.colcon_core.package_identification:_identify(.) by extensions ['cmake', 'python']
[2.093s] Level 1:colcon.colcon_core.package_identification:_identify(.) by extension 'cmake'
[2.093s] Level 1:colcon.colcon_core.package_identification:_identify(.) by extension 'python'
[2.094s] Level 1:colcon.colcon_core.package_identification:_identify(.) by extensions ['python_setup_py']
[2.094s] Level 1:colcon.colcon_core.package_identification:_identify(.) by extension 'python_setup_py'
[2.095s] Level 1:colcon.colcon_core.package_identification:_identify(build) by extensions ['ignore', 'ignore_ament_install']
[2.095s] Level 1:colcon.colcon_core.package_identification:_identify(build) by extension 'ignore'
[2.095s] Level 1:colcon.colcon_core.package_identification:_identify(build) ignored
[2.096s] Level 1:colcon.colcon_core.package_identification:_identify(install) by extensions ['ignore', 'ignore_ament_install']
[2.097s] Level 1:colcon.colcon_core.package_identification:_identify(install) by extension 'ignore'
[2.097s] Level 1:colcon.colcon_core.package_identification:_identify(install) ignored
[2.098s] Level 1:colcon.colcon_core.package_identification:_identify(log) by extensions ['ignore', 'ignore_ament_install']
[2.098s] Level 1:colcon.colcon_core.package_identification:_identify(log) by extension 'ignore'
[2.099s] Level 1:colcon.colcon_core.package_identification:_identify(log) ignored
[2.099s] Level 1:colcon.colcon_core.package_identification:_identify(src) by extensions ['ignore', 'ignore_ament_install']
[2.100s] Level 1:colcon.colcon_core.package_identification:_identify(src) by extension 'ignore'
[2.100s] Level 1:colcon.colcon_core.package_identification:_identify(src) by extension 'ignore_ament_install'
[2.100s] Level 1:colcon.colcon_core.package_identification:_identify(src) by extensions ['colcon_pkg']
[2.101s] Level 1:colcon.colcon_core.package_identification:_identify(src) by extension 'colcon_pkg'
[2.101s] Level 1:colcon.colcon_core.package_identification:_identify(src) by extensions ['colcon_meta']
[2.101s] Level 1:colcon.colcon_core.package_identification:_identify(src) by extension 'colcon_meta'
[2.101s] Level 1:colcon.colcon_core.package_identification:_identify(src) by extensions ['ros']
[2.102s] Level 1:colcon.colcon_core.package_identification:_identify(src) by extension 'ros'
[2.102s] Level 1:colcon.colcon_core.package_identification:_identify(src) by extensions ['cmake', 'python']
[2.102s] Level 1:colcon.colcon_core.package_identification:_identify(src) by extension 'cmake'
[2.103s] Level 1:colcon.colcon_core.package_identification:_identify(src) by extension 'python'
[2.103s] Level 1:colcon.colcon_core.package_identification:_identify(src) by extensions ['python_setup_py']
[2.103s] Level 1:colcon.colcon_core.package_identification:_identify(src) by extension 'python_setup_py'
[2.104s] Level 1:colcon.colcon_core.package_identification:_identify(src/lab1_introduction) by extensions ['ignore', 'ignore_ament_install']
[2.104s] Level 1:colcon.colcon_core.package_identification:_identify(src/lab1_introduction) by extension 'ignore'
[2.105s] Level 1:colcon.colcon_core.package_identification:_identify(src/lab1_introduction) by extension 'ignore_ament_install'
[2.105s] Level 1:colcon.colcon_core.package_identification:_identify(src/lab1_introduction) by extensions ['colcon_pkg']
[2.105s] Level 1:colcon.colcon_core.package_identification:_identify(src/lab1_introduction) by extension 'colcon_pkg'
[2.105s] Level 1:colcon.colcon_core.package_identification:_identify(src/lab1_introduction) by extensions ['colcon_meta']
[2.106s] Level 1:colcon.colcon_core.package_identification:_identify(src/lab1_introduction) by extension 'colcon_meta'
[2.106s] Level 1:colcon.colcon_core.package_identification:_identify(src/lab1_introduction) by extensions ['ros']
[2.106s] Level 1:colcon.colcon_core.package_identification:_identify(src/lab1_introduction) by extension 'ros'
[2.122s] DEBUG:colcon.colcon_core.package_identification:Package 'src/lab1_introduction' with type 'ros.ament_cmake' and name 'lab1_introduction'
[2.122s] Level 1:colcon.colcon_core.package_discovery:discover_packages(recursive) using defaults
[2.123s] Level 1:colcon.colcon_core.package_discovery:discover_packages(ignore) discover
[2.123s] Level 1:colcon.colcon_core.package_discovery:discover_packages(ignore) using defaults
[2.123s] Level 1:colcon.colcon_core.package_discovery:discover_packages(path) discover
[2.123s] Level 1:colcon.colcon_core.package_discovery:discover_packages(path) using defaults
[2.208s] Level 1:colcon.colcon_core.package_discovery:discover_packages(prefix_path) check parameters
[2.208s] Level 1:colcon.colcon_core.package_discovery:discover_packages(prefix_path) discover
[2.220s] DEBUG:colcon.colcon_installed_package_information.package_discovery:Found 1 installed packages in /home/dawgs_nx/dawgs_f1tenth/01_labs/lab1/install
[2.230s] DEBUG:colcon.colcon_installed_package_information.package_discovery:Found 286 installed packages in /opt/ros/foxy
[2.240s] Level 1:colcon.colcon_core.package_discovery:discover_packages(prefix_path) using defaults
[2.663s] Level 5:colcon.colcon_core.verb:set package 'lab1_introduction' build argument 'cmake_args' from command line to 'None'
[2.663s] Level 5:colcon.colcon_core.verb:set package 'lab1_introduction' build argument 'cmake_target' from command line to 'None'
[2.664s] Level 5:colcon.colcon_core.verb:set package 'lab1_introduction' build argument 'cmake_target_skip_unavailable' from command line to 'False'
[2.664s] Level 5:colcon.colcon_core.verb:set package 'lab1_introduction' build argument 'cmake_clean_cache' from command line to 'False'
[2.664s] Level 5:colcon.colcon_core.verb:set package 'lab1_introduction' build argument 'cmake_clean_first' from command line to 'False'
[2.664s] Level 5:colcon.colcon_core.verb:set package 'lab1_introduction' build argument 'cmake_force_configure' from command line to 'False'
[2.664s] Level 5:colcon.colcon_core.verb:set package 'lab1_introduction' build argument 'ament_cmake_args' from command line to 'None'
[2.665s] Level 5:colcon.colcon_core.verb:set package 'lab1_introduction' build argument 'catkin_cmake_args' from command line to 'None'
[2.665s] Level 5:colcon.colcon_core.verb:set package 'lab1_introduction' build argument 'catkin_skip_building_tests' from command line to 'False'
[2.665s] DEBUG:colcon.colcon_core.verb:Building package 'lab1_introduction' with the following arguments: {'ament_cmake_args': None, 'build_base': '/home/dawgs_nx/dawgs_f1tenth/01_labs/lab1/build/lab1_introduction', 'catkin_cmake_args': None, 'catkin_skip_building_tests': False, 'cmake_args': None, 'cmake_clean_cache': False, 'cmake_clean_first': False, 'cmake_force_configure': False, 'cmake_target': None, 'cmake_target_skip_unavailable': False, 'install_base': '/home/dawgs_nx/dawgs_f1tenth/01_labs/lab1/install/lab1_introduction', 'merge_install': False, 'path': '/home/dawgs_nx/dawgs_f1tenth/01_labs/lab1/src/lab1_introduction', 'symlink_install': True, 'test_result_base': None}
[2.666s] INFO:colcon.colcon_core.executor:Executing jobs using 'parallel' executor
[2.677s] DEBUG:colcon.colcon_parallel_executor.executor.parallel:run_until_complete
[2.680s] INFO:colcon.colcon_ros.task.ament_cmake.build:Building ROS package in '/home/dawgs_nx/dawgs_f1tenth/01_labs/lab1/src/lab1_introduction' with build type 'ament_cmake'
[2.681s] INFO:colcon.colcon_cmake.task.cmake.build:Building CMake package in '/home/dawgs_nx/dawgs_f1tenth/01_labs/lab1/src/lab1_introduction'
[2.695s] INFO:colcon.colcon_core.plugin_system:Skipping extension 'colcon_core.shell.bat': Not used on non-Windows systems
[2.696s] INFO:colcon.colcon_core.shell:Skip shell extension 'powershell' for command environment: Not usable outside of PowerShell
[2.697s] DEBUG:colcon.colcon_core.shell:Skip shell extension 'dsv' for command environment
[2.790s] DEBUG:colcon.colcon_core.event_handler.log_command:Invoking command in '/home/dawgs_nx/dawgs_f1tenth/01_labs/lab1/build/lab1_introduction': CMAKE_PREFIX_PATH=/opt/ros/foxy /usr/bin/cmake --build /home/dawgs_nx/dawgs_f1tenth/01_labs/lab1/build/lab1_introduction -- -j6 -l6
[19.271s] DEBUG:colcon.colcon_core.event_handler.log_command:Invoked command in '/home/dawgs_nx/dawgs_f1tenth/01_labs/lab1/build/lab1_introduction' returned '2': CMAKE_PREFIX_PATH=/opt/ros/foxy /usr/bin/cmake --build /home/dawgs_nx/dawgs_f1tenth/01_labs/lab1/build/lab1_introduction -- -j6 -l6
[19.418s] Level 1:colcon.colcon_core.environment:create_environment_scripts_only(lab1_introduction)
[19.437s] Level 1:colcon.colcon_core.environment:checking '/home/dawgs_nx/dawgs_f1tenth/01_labs/lab1/install/lab1_introduction' for CMake module files
[19.440s] Level 1:colcon.colcon_core.environment:checking '/home/dawgs_nx/dawgs_f1tenth/01_labs/lab1/install/lab1_introduction' for CMake config files
[19.445s] Level 1:colcon.colcon_core.environment:checking '/home/dawgs_nx/dawgs_f1tenth/01_labs/lab1/install/lab1_introduction/bin'
[19.445s] Level 1:colcon.colcon_core.environment:checking '/home/dawgs_nx/dawgs_f1tenth/01_labs/lab1/install/lab1_introduction/lib/pkgconfig/lab1_introduction.pc'
[19.448s] Level 1:colcon.colcon_core.environment:checking '/home/dawgs_nx/dawgs_f1tenth/01_labs/lab1/install/lab1_introduction/lib/python3.8/site-packages'
[19.449s] Level 1:colcon.colcon_core.environment:checking '/home/dawgs_nx/dawgs_f1tenth/01_labs/lab1/install/lab1_introduction/bin'
[19.450s] INFO:colcon.colcon_core.shell:Creating package script '/home/dawgs_nx/dawgs_f1tenth/01_labs/lab1/install/lab1_introduction/share/lab1_introduction/package.ps1'
[19.457s] INFO:colcon.colcon_core.shell:Creating package descriptor '/home/dawgs_nx/dawgs_f1tenth/01_labs/lab1/install/lab1_introduction/share/lab1_introduction/package.dsv'
[19.460s] INFO:colcon.colcon_core.shell:Creating package script '/home/dawgs_nx/dawgs_f1tenth/01_labs/lab1/install/lab1_introduction/share/lab1_introduction/package.sh'
[19.466s] INFO:colcon.colcon_core.shell:Creating package script '/home/dawgs_nx/dawgs_f1tenth/01_labs/lab1/install/lab1_introduction/share/lab1_introduction/package.bash'
[19.471s] INFO:colcon.colcon_core.shell:Creating package script '/home/dawgs_nx/dawgs_f1tenth/01_labs/lab1/install/lab1_introduction/share/lab1_introduction/package.zsh'
[19.475s] Level 1:colcon.colcon_core.environment:create_file_with_runtime_dependencies(/home/dawgs_nx/dawgs_f1tenth/01_labs/lab1/install/lab1_introduction/share/colcon-core/packages/lab1_introduction)
[19.489s] DEBUG:colcon.colcon_parallel_executor.executor.parallel:closing loop
[19.490s] DEBUG:colcon.colcon_parallel_executor.executor.parallel:loop closed
[19.491s] DEBUG:colcon.colcon_parallel_executor.executor.parallel:run_until_complete finished with '2'
[19.491s] DEBUG:colcon.colcon_core.event_reactor:joining thread
[19.526s] INFO:colcon.colcon_core.plugin_system:Skipping extension 'colcon_notification.desktop_notification.terminal_notifier': Not used on non-Darwin systems
[19.526s] INFO:colcon.colcon_core.plugin_system:Skipping extension 'colcon_notification.desktop_notification.win32': Not used on non-Windows systems
[19.527s] INFO:colcon.colcon_notification.desktop_notification:Sending desktop notification using 'notify2'
[19.637s] DEBUG:colcon.colcon_core.event_reactor:joined thread
[19.639s] INFO:colcon.colcon_core.shell:Creating prefix script '/home/dawgs_nx/dawgs_f1tenth/01_labs/lab1/install/local_setup.ps1'
[19.644s] INFO:colcon.colcon_core.shell:Creating prefix util module '/home/dawgs_nx/dawgs_f1tenth/01_labs/lab1/install/_local_setup_util_ps1.py'
[19.651s] INFO:colcon.colcon_core.shell:Creating prefix chain script '/home/dawgs_nx/dawgs_f1tenth/01_labs/lab1/install/setup.ps1'
[19.657s] INFO:colcon.colcon_core.shell:Creating prefix script '/home/dawgs_nx/dawgs_f1tenth/01_labs/lab1/install/local_setup.sh'
[19.660s] INFO:colcon.colcon_core.shell:Creating prefix util module '/home/dawgs_nx/dawgs_f1tenth/01_labs/lab1/install/_local_setup_util_sh.py'
[19.664s] INFO:colcon.colcon_core.shell:Creating prefix chain script '/home/dawgs_nx/dawgs_f1tenth/01_labs/lab1/install/setup.sh'
[19.669s] INFO:colcon.colcon_core.shell:Creating prefix script '/home/dawgs_nx/dawgs_f1tenth/01_labs/lab1/install/local_setup.bash'
[19.673s] INFO:colcon.colcon_core.shell:Creating prefix chain script '/home/dawgs_nx/dawgs_f1tenth/01_labs/lab1/install/setup.bash'
[19.679s] INFO:colcon.colcon_core.shell:Creating prefix script '/home/dawgs_nx/dawgs_f1tenth/01_labs/lab1/install/local_setup.zsh'
[19.682s] INFO:colcon.colcon_core.shell:Creating prefix chain script '/home/dawgs_nx/dawgs_f1tenth/01_labs/lab1/install/setup.zsh'
