[35m[1mScanning dependencies of target ackermann_talker[0m
[ 50%] [32mBuilding CXX object CMakeFiles/ackermann_talker.dir/src/ackermann_talker.cpp.o[0m
[100%] [32m[1mLinking CXX executable ackermann_talker[0m
[100%] Built target ackermann_talker
-- Install configuration: ""
-- Execute custom install script
-- Up-to-date symlink: /home/dawgs_nx/dawgs_f1tenth/01_labs/lab1/install/lab1_introduction/include/lab1_introduction/ackermann_talker.hpp
-- Up-to-date symlink: /home/dawgs_nx/dawgs_f1tenth/01_labs/lab1/install/lab1_introduction/lib/lab1_introduction/ackermann_talker
-- Up-to-date symlink: /home/dawgs_nx/dawgs_f1tenth/01_labs/lab1/install/lab1_introduction/share/lab1_introduction//launch/ackermann_talker_launch.py
-- Up-to-date symlink: /home/dawgs_nx/dawgs_f1tenth/01_labs/lab1/install/lab1_introduction/share/lab1_introduction//config/param.yaml
-- Up-to-date symlink: /home/dawgs_nx/dawgs_f1tenth/01_labs/lab1/install/lab1_introduction/share/ament_index/resource_index/package_run_dependencies/lab1_introduction
-- Up-to-date symlink: /home/dawgs_nx/dawgs_f1tenth/01_labs/lab1/install/lab1_introduction/share/ament_index/resource_index/parent_prefix_path/lab1_introduction
-- Up-to-date symlink: /home/dawgs_nx/dawgs_f1tenth/01_labs/lab1/install/lab1_introduction/share/lab1_introduction/environment/ament_prefix_path.sh
-- Up-to-date symlink: /home/dawgs_nx/dawgs_f1tenth/01_labs/lab1/install/lab1_introduction/share/lab1_introduction/environment/ament_prefix_path.dsv
-- Up-to-date symlink: /home/dawgs_nx/dawgs_f1tenth/01_labs/lab1/install/lab1_introduction/share/lab1_introduction/environment/path.sh
-- Up-to-date symlink: /home/dawgs_nx/dawgs_f1tenth/01_labs/lab1/install/lab1_introduction/share/lab1_introduction/environment/path.dsv
-- Up-to-date symlink: /home/dawgs_nx/dawgs_f1tenth/01_labs/lab1/install/lab1_introduction/share/lab1_introduction/local_setup.bash
-- Up-to-date symlink: /home/dawgs_nx/dawgs_f1tenth/01_labs/lab1/install/lab1_introduction/share/lab1_introduction/local_setup.sh
-- Up-to-date symlink: /home/dawgs_nx/dawgs_f1tenth/01_labs/lab1/install/lab1_introduction/share/lab1_introduction/local_setup.zsh
-- Up-to-date symlink: /home/dawgs_nx/dawgs_f1tenth/01_labs/lab1/install/lab1_introduction/share/lab1_introduction/local_setup.dsv
-- Symlinking: /home/dawgs_nx/dawgs_f1tenth/01_labs/lab1/install/lab1_introduction/share/lab1_introduction/package.dsv
-- Up-to-date symlink: /home/dawgs_nx/dawgs_f1tenth/01_labs/lab1/install/lab1_introduction/share/ament_index/resource_index/packages/lab1_introduction
-- Up-to-date symlink: /home/dawgs_nx/dawgs_f1tenth/01_labs/lab1/install/lab1_introduction/share/lab1_introduction/cmake/lab1_introductionConfig.cmake
-- Up-to-date symlink: /home/dawgs_nx/dawgs_f1tenth/01_labs/lab1/install/lab1_introduction/share/lab1_introduction/cmake/lab1_introductionConfig-version.cmake
-- Up-to-date symlink: /home/dawgs_nx/dawgs_f1tenth/01_labs/lab1/install/lab1_introduction/share/lab1_introduction/package.xml
-- Installing: /home/dawgs_nx/dawgs_f1tenth/01_labs/lab1/install/lab1_introduction/bin/ackermann_talker
-- Set runtime path of "/home/dawgs_nx/dawgs_f1tenth/01_labs/lab1/install/lab1_introduction/bin/ackermann_talker" to ""
