[1.122s] DEBUG:colcon:Command line arguments: ['/usr/bin/colcon', 'build', '--symlink-install']
[1.123s] DEBUG:colcon:Parsed command line arguments: Namespace(allow_overriding=[], ament_cmake_args=None, base_paths=['.'], build_base='build', catkin_cmake_args=None, catkin_skip_building_tests=False, cmake_args=None, cmake_clean_cache=False, cmake_clean_first=False, cmake_force_configure=False, cmake_target=None, cmake_target_skip_unavailable=False, continue_on_error=False, event_handlers=None, executor='parallel', ignore_user_meta=False, install_base='install', log_base=None, log_level=None, main=<bound method BuildVerb.main of <colcon_core.verb.build.BuildVerb object at 0xffffbb8c1a60>>, merge_install=False, metas=['./colcon.meta'], mixin=None, mixin_files=None, mixin_verb=('build',), packages_above=None, packages_above_and_dependencies=None, packages_above_depth=None, packages_end=None, packages_ignore=None, packages_ignore_regex=None, packages_select=None, packages_select_build_failed=False, packages_select_by_dep=None, packages_select_regex=None, packages_select_test_failures=False, packages_skip=None, packages_skip_build_finished=False, packages_skip_by_dep=None, packages_skip_regex=None, packages_skip_test_passed=False, packages_skip_up_to=None, packages_start=None, packages_up_to=None, packages_up_to_regex=None, parallel_workers=6, paths=None, symlink_install=True, test_result_base=None, verb_extension=<colcon_core.verb.build.BuildVerb object at 0xffffbb8c1a60>, verb_name='build', verb_parser=<colcon_mixin.mixin.mixin_argument.MixinArgumentDecorator object at 0xffffbb890f70>)
[2.014s] Level 1:colcon.colcon_core.package_discovery:discover_packages(colcon_meta) check parameters
[2.015s] Level 1:colcon.colcon_core.package_discovery:discover_packages(recursive) check parameters
[2.015s] Level 1:colcon.colcon_core.package_discovery:discover_packages(ignore) check parameters
[2.015s] Level 1:colcon.colcon_core.package_discovery:discover_packages(path) check parameters
[2.015s] Level 1:colcon.colcon_core.package_discovery:discover_packages(colcon_meta) discover
[2.016s] Level 1:colcon.colcon_core.package_discovery:discover_packages(recursive) discover
[2.016s] INFO:colcon.colcon_core.package_discovery:Crawling recursively for packages in '/home/dawgs_nx/dawgs_f1tenth/01_labs/lab1'
[2.016s] Level 1:colcon.colcon_core.package_identification:_identify(.) by extensions ['ignore', 'ignore_ament_install']
[2.017s] Level 1:colcon.colcon_core.package_identification:_identify(.) by extension 'ignore'
[2.018s] Level 1:colcon.colcon_core.package_identification:_identify(.) by extension 'ignore_ament_install'
[2.018s] Level 1:colcon.colcon_core.package_identification:_identify(.) by extensions ['colcon_pkg']
[2.018s] Level 1:colcon.colcon_core.package_identification:_identify(.) by extension 'colcon_pkg'
[2.018s] Level 1:colcon.colcon_core.package_identification:_identify(.) by extensions ['colcon_meta']
[2.018s] Level 1:colcon.colcon_core.package_identification:_identify(.) by extension 'colcon_meta'
[2.019s] Level 1:colcon.colcon_core.package_identification:_identify(.) by extensions ['ros']
[2.019s] Level 1:colcon.colcon_core.package_identification:_identify(.) by extension 'ros'
[2.085s] Level 1:colcon.colcon_core.package_identification:_identify(.) by extensions ['cmake', 'python']
[2.086s] Level 1:colcon.colcon_core.package_identification:_identify(.) by extension 'cmake'
[2.086s] Level 1:colcon.colcon_core.package_identification:_identify(.) by extension 'python'
[2.086s] Level 1:colcon.colcon_core.package_identification:_identify(.) by extensions ['python_setup_py']
[2.087s] Level 1:colcon.colcon_core.package_identification:_identify(.) by extension 'python_setup_py'
[2.087s] Level 1:colcon.colcon_core.package_identification:_identify(build) by extensions ['ignore', 'ignore_ament_install']
[2.088s] Level 1:colcon.colcon_core.package_identification:_identify(build) by extension 'ignore'
[2.088s] Level 1:colcon.colcon_core.package_identification:_identify(build) ignored
[2.089s] Level 1:colcon.colcon_core.package_identification:_identify(install) by extensions ['ignore', 'ignore_ament_install']
[2.090s] Level 1:colcon.colcon_core.package_identification:_identify(install) by extension 'ignore'
[2.090s] Level 1:colcon.colcon_core.package_identification:_identify(install) ignored
[2.091s] Level 1:colcon.colcon_core.package_identification:_identify(log) by extensions ['ignore', 'ignore_ament_install']
[2.091s] Level 1:colcon.colcon_core.package_identification:_identify(log) by extension 'ignore'
[2.091s] Level 1:colcon.colcon_core.package_identification:_identify(log) ignored
[2.092s] Level 1:colcon.colcon_core.package_identification:_identify(src) by extensions ['ignore', 'ignore_ament_install']
[2.092s] Level 1:colcon.colcon_core.package_identification:_identify(src) by extension 'ignore'
[2.093s] Level 1:colcon.colcon_core.package_identification:_identify(src) by extension 'ignore_ament_install'
[2.093s] Level 1:colcon.colcon_core.package_identification:_identify(src) by extensions ['colcon_pkg']
[2.093s] Level 1:colcon.colcon_core.package_identification:_identify(src) by extension 'colcon_pkg'
[2.094s] Level 1:colcon.colcon_core.package_identification:_identify(src) by extensions ['colcon_meta']
[2.094s] Level 1:colcon.colcon_core.package_identification:_identify(src) by extension 'colcon_meta'
[2.094s] Level 1:colcon.colcon_core.package_identification:_identify(src) by extensions ['ros']
[2.094s] Level 1:colcon.colcon_core.package_identification:_identify(src) by extension 'ros'
[2.095s] Level 1:colcon.colcon_core.package_identification:_identify(src) by extensions ['cmake', 'python']
[2.095s] Level 1:colcon.colcon_core.package_identification:_identify(src) by extension 'cmake'
[2.095s] Level 1:colcon.colcon_core.package_identification:_identify(src) by extension 'python'
[2.095s] Level 1:colcon.colcon_core.package_identification:_identify(src) by extensions ['python_setup_py']
[2.096s] Level 1:colcon.colcon_core.package_identification:_identify(src) by extension 'python_setup_py'
[2.096s] Level 1:colcon.colcon_core.package_identification:_identify(src/lab1_introduction) by extensions ['ignore', 'ignore_ament_install']
[2.097s] Level 1:colcon.colcon_core.package_identification:_identify(src/lab1_introduction) by extension 'ignore'
[2.097s] Level 1:colcon.colcon_core.package_identification:_identify(src/lab1_introduction) by extension 'ignore_ament_install'
[2.098s] Level 1:colcon.colcon_core.package_identification:_identify(src/lab1_introduction) by extensions ['colcon_pkg']
[2.098s] Level 1:colcon.colcon_core.package_identification:_identify(src/lab1_introduction) by extension 'colcon_pkg'
[2.098s] Level 1:colcon.colcon_core.package_identification:_identify(src/lab1_introduction) by extensions ['colcon_meta']
[2.098s] Level 1:colcon.colcon_core.package_identification:_identify(src/lab1_introduction) by extension 'colcon_meta'
[2.099s] Level 1:colcon.colcon_core.package_identification:_identify(src/lab1_introduction) by extensions ['ros']
[2.099s] Level 1:colcon.colcon_core.package_identification:_identify(src/lab1_introduction) by extension 'ros'
[2.115s] DEBUG:colcon.colcon_core.package_identification:Package 'src/lab1_introduction' with type 'ros.ament_cmake' and name 'lab1_introduction'
[2.115s] Level 1:colcon.colcon_core.package_discovery:discover_packages(recursive) using defaults
[2.115s] Level 1:colcon.colcon_core.package_discovery:discover_packages(ignore) discover
[2.116s] Level 1:colcon.colcon_core.package_discovery:discover_packages(ignore) using defaults
[2.116s] Level 1:colcon.colcon_core.package_discovery:discover_packages(path) discover
[2.116s] Level 1:colcon.colcon_core.package_discovery:discover_packages(path) using defaults
[2.207s] Level 1:colcon.colcon_core.package_discovery:discover_packages(prefix_path) check parameters
[2.207s] Level 1:colcon.colcon_core.package_discovery:discover_packages(prefix_path) discover
[2.218s] DEBUG:colcon.colcon_installed_package_information.package_discovery:Found 1 installed packages in /home/dawgs_nx/dawgs_f1tenth/01_labs/lab1/install
[2.229s] DEBUG:colcon.colcon_installed_package_information.package_discovery:Found 286 installed packages in /opt/ros/foxy
[2.240s] Level 1:colcon.colcon_core.package_discovery:discover_packages(prefix_path) using defaults
[2.696s] Level 5:colcon.colcon_core.verb:set package 'lab1_introduction' build argument 'cmake_args' from command line to 'None'
[2.696s] Level 5:colcon.colcon_core.verb:set package 'lab1_introduction' build argument 'cmake_target' from command line to 'None'
[2.696s] Level 5:colcon.colcon_core.verb:set package 'lab1_introduction' build argument 'cmake_target_skip_unavailable' from command line to 'False'
[2.696s] Level 5:colcon.colcon_core.verb:set package 'lab1_introduction' build argument 'cmake_clean_cache' from command line to 'False'
[2.697s] Level 5:colcon.colcon_core.verb:set package 'lab1_introduction' build argument 'cmake_clean_first' from command line to 'False'
[2.697s] Level 5:colcon.colcon_core.verb:set package 'lab1_introduction' build argument 'cmake_force_configure' from command line to 'False'
[2.697s] Level 5:colcon.colcon_core.verb:set package 'lab1_introduction' build argument 'ament_cmake_args' from command line to 'None'
[2.697s] Level 5:colcon.colcon_core.verb:set package 'lab1_introduction' build argument 'catkin_cmake_args' from command line to 'None'
[2.698s] Level 5:colcon.colcon_core.verb:set package 'lab1_introduction' build argument 'catkin_skip_building_tests' from command line to 'False'
[2.698s] DEBUG:colcon.colcon_core.verb:Building package 'lab1_introduction' with the following arguments: {'ament_cmake_args': None, 'build_base': '/home/dawgs_nx/dawgs_f1tenth/01_labs/lab1/build/lab1_introduction', 'catkin_cmake_args': None, 'catkin_skip_building_tests': False, 'cmake_args': None, 'cmake_clean_cache': False, 'cmake_clean_first': False, 'cmake_force_configure': False, 'cmake_target': None, 'cmake_target_skip_unavailable': False, 'install_base': '/home/dawgs_nx/dawgs_f1tenth/01_labs/lab1/install/lab1_introduction', 'merge_install': False, 'path': '/home/dawgs_nx/dawgs_f1tenth/01_labs/lab1/src/lab1_introduction', 'symlink_install': True, 'test_result_base': None}
[2.699s] INFO:colcon.colcon_core.executor:Executing jobs using 'parallel' executor
[2.704s] DEBUG:colcon.colcon_parallel_executor.executor.parallel:run_until_complete
[2.705s] INFO:colcon.colcon_ros.task.ament_cmake.build:Building ROS package in '/home/dawgs_nx/dawgs_f1tenth/01_labs/lab1/src/lab1_introduction' with build type 'ament_cmake'
[2.706s] INFO:colcon.colcon_cmake.task.cmake.build:Building CMake package in '/home/dawgs_nx/dawgs_f1tenth/01_labs/lab1/src/lab1_introduction'
[2.719s] INFO:colcon.colcon_core.plugin_system:Skipping extension 'colcon_core.shell.bat': Not used on non-Windows systems
[2.721s] INFO:colcon.colcon_core.shell:Skip shell extension 'powershell' for command environment: Not usable outside of PowerShell
[2.722s] DEBUG:colcon.colcon_core.shell:Skip shell extension 'dsv' for command environment
[2.806s] DEBUG:colcon.colcon_core.event_handler.log_command:Invoking command in '/home/dawgs_nx/dawgs_f1tenth/01_labs/lab1/build/lab1_introduction': CMAKE_PREFIX_PATH=${CMAKE_PREFIX_PATH}:/opt/ros/foxy /usr/bin/cmake --build /home/dawgs_nx/dawgs_f1tenth/01_labs/lab1/build/lab1_introduction -- -j6 -l6
[31.614s] DEBUG:colcon.colcon_core.event_handler.log_command:Invoked command in '/home/dawgs_nx/dawgs_f1tenth/01_labs/lab1/build/lab1_introduction' returned '0': CMAKE_PREFIX_PATH=${CMAKE_PREFIX_PATH}:/opt/ros/foxy /usr/bin/cmake --build /home/dawgs_nx/dawgs_f1tenth/01_labs/lab1/build/lab1_introduction -- -j6 -l6
[31.864s] DEBUG:colcon.colcon_core.event_handler.log_command:Invoking command in '/home/dawgs_nx/dawgs_f1tenth/01_labs/lab1/build/lab1_introduction': CMAKE_PREFIX_PATH=${CMAKE_PREFIX_PATH}:/opt/ros/foxy /usr/bin/cmake --install /home/dawgs_nx/dawgs_f1tenth/01_labs/lab1/build/lab1_introduction
[32.105s] Level 1:colcon.colcon_core.environment:create_environment_scripts_only(lab1_introduction)
[32.111s] DEBUG:colcon.colcon_core.event_handler.log_command:Invoked command in '/home/dawgs_nx/dawgs_f1tenth/01_labs/lab1/build/lab1_introduction' returned '0': CMAKE_PREFIX_PATH=${CMAKE_PREFIX_PATH}:/opt/ros/foxy /usr/bin/cmake --install /home/dawgs_nx/dawgs_f1tenth/01_labs/lab1/build/lab1_introduction
[32.128s] Level 1:colcon.colcon_core.environment:checking '/home/dawgs_nx/dawgs_f1tenth/01_labs/lab1/install/lab1_introduction' for CMake module files
[32.137s] Level 1:colcon.colcon_core.environment:checking '/home/dawgs_nx/dawgs_f1tenth/01_labs/lab1/install/lab1_introduction' for CMake config files
[32.140s] Level 1:colcon.colcon_core.shell:create_environment_hook('lab1_introduction', 'cmake_prefix_path')
[32.142s] INFO:colcon.colcon_core.shell:Creating environment hook '/home/dawgs_nx/dawgs_f1tenth/01_labs/lab1/install/lab1_introduction/share/lab1_introduction/hook/cmake_prefix_path.ps1'
[32.147s] INFO:colcon.colcon_core.shell:Creating environment descriptor '/home/dawgs_nx/dawgs_f1tenth/01_labs/lab1/install/lab1_introduction/share/lab1_introduction/hook/cmake_prefix_path.dsv'
[32.150s] INFO:colcon.colcon_core.shell:Creating environment hook '/home/dawgs_nx/dawgs_f1tenth/01_labs/lab1/install/lab1_introduction/share/lab1_introduction/hook/cmake_prefix_path.sh'
[32.158s] Level 1:colcon.colcon_core.environment:checking '/home/dawgs_nx/dawgs_f1tenth/01_labs/lab1/install/lab1_introduction/lib'
[32.159s] Level 1:colcon.colcon_core.environment:checking '/home/dawgs_nx/dawgs_f1tenth/01_labs/lab1/install/lab1_introduction/bin'
[32.160s] Level 1:colcon.colcon_core.shell:create_environment_hook('lab1_introduction', 'path')
[32.161s] INFO:colcon.colcon_core.shell:Creating environment hook '/home/dawgs_nx/dawgs_f1tenth/01_labs/lab1/install/lab1_introduction/share/lab1_introduction/hook/path.ps1'
[32.164s] INFO:colcon.colcon_core.shell:Creating environment descriptor '/home/dawgs_nx/dawgs_f1tenth/01_labs/lab1/install/lab1_introduction/share/lab1_introduction/hook/path.dsv'
[32.166s] INFO:colcon.colcon_core.shell:Creating environment hook '/home/dawgs_nx/dawgs_f1tenth/01_labs/lab1/install/lab1_introduction/share/lab1_introduction/hook/path.sh'
[32.169s] Level 1:colcon.colcon_core.environment:checking '/home/dawgs_nx/dawgs_f1tenth/01_labs/lab1/install/lab1_introduction/lib/pkgconfig/lab1_introduction.pc'
[32.171s] Level 1:colcon.colcon_core.environment:checking '/home/dawgs_nx/dawgs_f1tenth/01_labs/lab1/install/lab1_introduction/lib/python3.8/site-packages'
[32.172s] Level 1:colcon.colcon_core.environment:checking '/home/dawgs_nx/dawgs_f1tenth/01_labs/lab1/install/lab1_introduction/bin'
[32.173s] Level 1:colcon.colcon_core.shell:create_environment_hook('lab1_introduction', 'pythonscriptspath')
[32.174s] INFO:colcon.colcon_core.shell:Creating environment hook '/home/dawgs_nx/dawgs_f1tenth/01_labs/lab1/install/lab1_introduction/share/lab1_introduction/hook/pythonscriptspath.ps1'
[32.177s] INFO:colcon.colcon_core.shell:Creating environment descriptor '/home/dawgs_nx/dawgs_f1tenth/01_labs/lab1/install/lab1_introduction/share/lab1_introduction/hook/pythonscriptspath.dsv'
[32.181s] INFO:colcon.colcon_core.shell:Creating environment hook '/home/dawgs_nx/dawgs_f1tenth/01_labs/lab1/install/lab1_introduction/share/lab1_introduction/hook/pythonscriptspath.sh'
[32.190s] INFO:colcon.colcon_core.shell:Creating package script '/home/dawgs_nx/dawgs_f1tenth/01_labs/lab1/install/lab1_introduction/share/lab1_introduction/package.ps1'
[32.199s] INFO:colcon.colcon_core.shell:Creating package descriptor '/home/dawgs_nx/dawgs_f1tenth/01_labs/lab1/install/lab1_introduction/share/lab1_introduction/package.dsv'
[32.208s] INFO:colcon.colcon_core.shell:Creating package script '/home/dawgs_nx/dawgs_f1tenth/01_labs/lab1/install/lab1_introduction/share/lab1_introduction/package.sh'
[32.218s] INFO:colcon.colcon_core.shell:Creating package script '/home/dawgs_nx/dawgs_f1tenth/01_labs/lab1/install/lab1_introduction/share/lab1_introduction/package.bash'
[32.225s] INFO:colcon.colcon_core.shell:Creating package script '/home/dawgs_nx/dawgs_f1tenth/01_labs/lab1/install/lab1_introduction/share/lab1_introduction/package.zsh'
[32.229s] Level 1:colcon.colcon_core.environment:create_file_with_runtime_dependencies(/home/dawgs_nx/dawgs_f1tenth/01_labs/lab1/install/lab1_introduction/share/colcon-core/packages/lab1_introduction)
[32.472s] Level 1:colcon.colcon_core.environment:create_environment_scripts_only(lab1_introduction)
[32.475s] Level 1:colcon.colcon_core.environment:checking '/home/dawgs_nx/dawgs_f1tenth/01_labs/lab1/install/lab1_introduction' for CMake module files
[32.479s] Level 1:colcon.colcon_core.environment:checking '/home/dawgs_nx/dawgs_f1tenth/01_labs/lab1/install/lab1_introduction' for CMake config files
[32.483s] Level 1:colcon.colcon_core.shell:create_environment_hook('lab1_introduction', 'cmake_prefix_path')
[32.487s] INFO:colcon.colcon_core.shell:Creating environment hook '/home/dawgs_nx/dawgs_f1tenth/01_labs/lab1/install/lab1_introduction/share/lab1_introduction/hook/cmake_prefix_path.ps1'
[32.496s] INFO:colcon.colcon_core.shell:Creating environment descriptor '/home/dawgs_nx/dawgs_f1tenth/01_labs/lab1/install/lab1_introduction/share/lab1_introduction/hook/cmake_prefix_path.dsv'
[32.499s] INFO:colcon.colcon_core.shell:Creating environment hook '/home/dawgs_nx/dawgs_f1tenth/01_labs/lab1/install/lab1_introduction/share/lab1_introduction/hook/cmake_prefix_path.sh'
[32.505s] Level 1:colcon.colcon_core.environment:checking '/home/dawgs_nx/dawgs_f1tenth/01_labs/lab1/install/lab1_introduction/lib'
[32.505s] Level 1:colcon.colcon_core.environment:checking '/home/dawgs_nx/dawgs_f1tenth/01_labs/lab1/install/lab1_introduction/bin'
[32.506s] Level 1:colcon.colcon_core.shell:create_environment_hook('lab1_introduction', 'path')
[32.507s] INFO:colcon.colcon_core.shell:Creating environment hook '/home/dawgs_nx/dawgs_f1tenth/01_labs/lab1/install/lab1_introduction/share/lab1_introduction/hook/path.ps1'
[32.510s] INFO:colcon.colcon_core.shell:Creating environment descriptor '/home/dawgs_nx/dawgs_f1tenth/01_labs/lab1/install/lab1_introduction/share/lab1_introduction/hook/path.dsv'
[32.514s] INFO:colcon.colcon_core.shell:Creating environment hook '/home/dawgs_nx/dawgs_f1tenth/01_labs/lab1/install/lab1_introduction/share/lab1_introduction/hook/path.sh'
[32.516s] Level 1:colcon.colcon_core.environment:checking '/home/dawgs_nx/dawgs_f1tenth/01_labs/lab1/install/lab1_introduction/lib/pkgconfig/lab1_introduction.pc'
[32.518s] Level 1:colcon.colcon_core.environment:checking '/home/dawgs_nx/dawgs_f1tenth/01_labs/lab1/install/lab1_introduction/lib/python3.8/site-packages'
[32.520s] Level 1:colcon.colcon_core.environment:checking '/home/dawgs_nx/dawgs_f1tenth/01_labs/lab1/install/lab1_introduction/bin'
[32.521s] Level 1:colcon.colcon_core.shell:create_environment_hook('lab1_introduction', 'pythonscriptspath')
[32.522s] INFO:colcon.colcon_core.shell:Creating environment hook '/home/dawgs_nx/dawgs_f1tenth/01_labs/lab1/install/lab1_introduction/share/lab1_introduction/hook/pythonscriptspath.ps1'
[32.525s] INFO:colcon.colcon_core.shell:Creating environment descriptor '/home/dawgs_nx/dawgs_f1tenth/01_labs/lab1/install/lab1_introduction/share/lab1_introduction/hook/pythonscriptspath.dsv'
[32.536s] INFO:colcon.colcon_core.shell:Creating environment hook '/home/dawgs_nx/dawgs_f1tenth/01_labs/lab1/install/lab1_introduction/share/lab1_introduction/hook/pythonscriptspath.sh'
[32.541s] INFO:colcon.colcon_core.shell:Creating package script '/home/dawgs_nx/dawgs_f1tenth/01_labs/lab1/install/lab1_introduction/share/lab1_introduction/package.ps1'
[32.545s] INFO:colcon.colcon_core.shell:Creating package descriptor '/home/dawgs_nx/dawgs_f1tenth/01_labs/lab1/install/lab1_introduction/share/lab1_introduction/package.dsv'
[32.549s] INFO:colcon.colcon_core.shell:Creating package script '/home/dawgs_nx/dawgs_f1tenth/01_labs/lab1/install/lab1_introduction/share/lab1_introduction/package.sh'
[32.554s] INFO:colcon.colcon_core.shell:Creating package script '/home/dawgs_nx/dawgs_f1tenth/01_labs/lab1/install/lab1_introduction/share/lab1_introduction/package.bash'
[32.559s] INFO:colcon.colcon_core.shell:Creating package script '/home/dawgs_nx/dawgs_f1tenth/01_labs/lab1/install/lab1_introduction/share/lab1_introduction/package.zsh'
[32.562s] Level 1:colcon.colcon_core.environment:create_file_with_runtime_dependencies(/home/dawgs_nx/dawgs_f1tenth/01_labs/lab1/install/lab1_introduction/share/colcon-core/packages/lab1_introduction)
[32.570s] DEBUG:colcon.colcon_parallel_executor.executor.parallel:closing loop
[32.571s] DEBUG:colcon.colcon_parallel_executor.executor.parallel:loop closed
[32.572s] DEBUG:colcon.colcon_parallel_executor.executor.parallel:run_until_complete finished with '0'
[32.573s] DEBUG:colcon.colcon_core.event_reactor:joining thread
[32.614s] INFO:colcon.colcon_core.plugin_system:Skipping extension 'colcon_notification.desktop_notification.terminal_notifier': Not used on non-Darwin systems
[32.614s] INFO:colcon.colcon_core.plugin_system:Skipping extension 'colcon_notification.desktop_notification.win32': Not used on non-Windows systems
[32.615s] INFO:colcon.colcon_notification.desktop_notification:Sending desktop notification using 'notify2'
[32.748s] DEBUG:colcon.colcon_core.event_reactor:joined thread
[32.750s] INFO:colcon.colcon_core.shell:Creating prefix script '/home/dawgs_nx/dawgs_f1tenth/01_labs/lab1/install/local_setup.ps1'
[32.757s] INFO:colcon.colcon_core.shell:Creating prefix util module '/home/dawgs_nx/dawgs_f1tenth/01_labs/lab1/install/_local_setup_util_ps1.py'
[32.780s] INFO:colcon.colcon_core.shell:Creating prefix chain script '/home/dawgs_nx/dawgs_f1tenth/01_labs/lab1/install/setup.ps1'
[32.789s] INFO:colcon.colcon_core.shell:Creating prefix script '/home/dawgs_nx/dawgs_f1tenth/01_labs/lab1/install/local_setup.sh'
[32.792s] INFO:colcon.colcon_core.shell:Creating prefix util module '/home/dawgs_nx/dawgs_f1tenth/01_labs/lab1/install/_local_setup_util_sh.py'
[32.796s] INFO:colcon.colcon_core.shell:Creating prefix chain script '/home/dawgs_nx/dawgs_f1tenth/01_labs/lab1/install/setup.sh'
[32.813s] INFO:colcon.colcon_core.shell:Creating prefix script '/home/dawgs_nx/dawgs_f1tenth/01_labs/lab1/install/local_setup.bash'
[32.819s] INFO:colcon.colcon_core.shell:Creating prefix chain script '/home/dawgs_nx/dawgs_f1tenth/01_labs/lab1/install/setup.bash'
[32.833s] INFO:colcon.colcon_core.shell:Creating prefix script '/home/dawgs_nx/dawgs_f1tenth/01_labs/lab1/install/local_setup.zsh'
[32.840s] INFO:colcon.colcon_core.shell:Creating prefix chain script '/home/dawgs_nx/dawgs_f1tenth/01_labs/lab1/install/setup.zsh'
