[1.250s] DEBUG:colcon:Command line arguments: ['/usr/bin/colcon', 'build', '--symlink-install']
[1.251s] DEBUG:colcon:Parsed command line arguments: Namespace(allow_overriding=[], ament_cmake_args=None, base_paths=['.'], build_base='build', catkin_cmake_args=None, catkin_skip_building_tests=False, cmake_args=None, cmake_clean_cache=False, cmake_clean_first=False, cmake_force_configure=False, cmake_target=None, cmake_target_skip_unavailable=False, continue_on_error=False, event_handlers=None, executor='parallel', ignore_user_meta=False, install_base='install', log_base=None, log_level=None, main=<bound method BuildVerb.main of <colcon_core.verb.build.BuildVerb object at 0xffff944da1f0>>, merge_install=False, metas=['./colcon.meta'], mixin=None, mixin_files=None, mixin_verb=('build',), packages_above=None, packages_above_and_dependencies=None, packages_above_depth=None, packages_end=None, packages_ignore=None, packages_ignore_regex=None, packages_select=None, packages_select_build_failed=False, packages_select_by_dep=None, packages_select_regex=None, packages_select_test_failures=False, packages_skip=None, packages_skip_build_finished=False, packages_skip_by_dep=None, packages_skip_regex=None, packages_skip_test_passed=False, packages_skip_up_to=None, packages_start=None, packages_up_to=None, packages_up_to_regex=None, parallel_workers=6, paths=None, symlink_install=True, test_result_base=None, verb_extension=<colcon_core.verb.build.BuildVerb object at 0xffff944da1f0>, verb_name='build', verb_parser=<colcon_mixin.mixin.mixin_argument.MixinArgumentDecorator object at 0xffff944da6d0>)
[2.431s] Level 1:colcon.colcon_core.package_discovery:discover_packages(colcon_meta) check parameters
[2.432s] Level 1:colcon.colcon_core.package_discovery:discover_packages(recursive) check parameters
[2.432s] Level 1:colcon.colcon_core.package_discovery:discover_packages(ignore) check parameters
[2.432s] Level 1:colcon.colcon_core.package_discovery:discover_packages(path) check parameters
[2.433s] Level 1:colcon.colcon_core.package_discovery:discover_packages(colcon_meta) discover
[2.433s] Level 1:colcon.colcon_core.package_discovery:discover_packages(recursive) discover
[2.434s] INFO:colcon.colcon_core.package_discovery:Crawling recursively for packages in '/home/dawgs_nx/dawgs_f1tenth/labs_f1tenth/lab1'
[2.435s] Level 1:colcon.colcon_core.package_identification:_identify(.) by extensions ['ignore', 'ignore_ament_install']
[2.436s] Level 1:colcon.colcon_core.package_identification:_identify(.) by extension 'ignore'
[2.437s] Level 1:colcon.colcon_core.package_identification:_identify(.) by extension 'ignore_ament_install'
[2.437s] Level 1:colcon.colcon_core.package_identification:_identify(.) by extensions ['colcon_pkg']
[2.438s] Level 1:colcon.colcon_core.package_identification:_identify(.) by extension 'colcon_pkg'
[2.438s] Level 1:colcon.colcon_core.package_identification:_identify(.) by extensions ['colcon_meta']
[2.438s] Level 1:colcon.colcon_core.package_identification:_identify(.) by extension 'colcon_meta'
[2.439s] Level 1:colcon.colcon_core.package_identification:_identify(.) by extensions ['ros']
[2.439s] Level 1:colcon.colcon_core.package_identification:_identify(.) by extension 'ros'
[2.508s] Level 1:colcon.colcon_core.package_identification:_identify(.) by extensions ['cmake', 'python']
[2.509s] Level 1:colcon.colcon_core.package_identification:_identify(.) by extension 'cmake'
[2.509s] Level 1:colcon.colcon_core.package_identification:_identify(.) by extension 'python'
[2.510s] Level 1:colcon.colcon_core.package_identification:_identify(.) by extensions ['python_setup_py']
[2.510s] Level 1:colcon.colcon_core.package_identification:_identify(.) by extension 'python_setup_py'
[2.511s] Level 1:colcon.colcon_core.package_identification:_identify(build) by extensions ['ignore', 'ignore_ament_install']
[2.513s] Level 1:colcon.colcon_core.package_identification:_identify(build) by extension 'ignore'
[2.513s] Level 1:colcon.colcon_core.package_identification:_identify(build) ignored
[2.514s] Level 1:colcon.colcon_core.package_identification:_identify(install) by extensions ['ignore', 'ignore_ament_install']
[2.515s] Level 1:colcon.colcon_core.package_identification:_identify(install) by extension 'ignore'
[2.515s] Level 1:colcon.colcon_core.package_identification:_identify(install) ignored
[2.516s] Level 1:colcon.colcon_core.package_identification:_identify(log) by extensions ['ignore', 'ignore_ament_install']
[2.517s] Level 1:colcon.colcon_core.package_identification:_identify(log) by extension 'ignore'
[2.517s] Level 1:colcon.colcon_core.package_identification:_identify(log) ignored
[2.518s] Level 1:colcon.colcon_core.package_identification:_identify(src) by extensions ['ignore', 'ignore_ament_install']
[2.519s] Level 1:colcon.colcon_core.package_identification:_identify(src) by extension 'ignore'
[2.519s] Level 1:colcon.colcon_core.package_identification:_identify(src) by extension 'ignore_ament_install'
[2.519s] Level 1:colcon.colcon_core.package_identification:_identify(src) by extensions ['colcon_pkg']
[2.520s] Level 1:colcon.colcon_core.package_identification:_identify(src) by extension 'colcon_pkg'
[2.520s] Level 1:colcon.colcon_core.package_identification:_identify(src) by extensions ['colcon_meta']
[2.521s] Level 1:colcon.colcon_core.package_identification:_identify(src) by extension 'colcon_meta'
[2.521s] Level 1:colcon.colcon_core.package_identification:_identify(src) by extensions ['ros']
[2.522s] Level 1:colcon.colcon_core.package_identification:_identify(src) by extension 'ros'
[2.522s] Level 1:colcon.colcon_core.package_identification:_identify(src) by extensions ['cmake', 'python']
[2.523s] Level 1:colcon.colcon_core.package_identification:_identify(src) by extension 'cmake'
[2.523s] Level 1:colcon.colcon_core.package_identification:_identify(src) by extension 'python'
[2.524s] Level 1:colcon.colcon_core.package_identification:_identify(src) by extensions ['python_setup_py']
[2.524s] Level 1:colcon.colcon_core.package_identification:_identify(src) by extension 'python_setup_py'
[2.525s] Level 1:colcon.colcon_core.package_identification:_identify(src/lab1_introduction) by extensions ['ignore', 'ignore_ament_install']
[2.526s] Level 1:colcon.colcon_core.package_identification:_identify(src/lab1_introduction) by extension 'ignore'
[2.526s] Level 1:colcon.colcon_core.package_identification:_identify(src/lab1_introduction) by extension 'ignore_ament_install'
[2.527s] Level 1:colcon.colcon_core.package_identification:_identify(src/lab1_introduction) by extensions ['colcon_pkg']
[2.527s] Level 1:colcon.colcon_core.package_identification:_identify(src/lab1_introduction) by extension 'colcon_pkg'
[2.528s] Level 1:colcon.colcon_core.package_identification:_identify(src/lab1_introduction) by extensions ['colcon_meta']
[2.528s] Level 1:colcon.colcon_core.package_identification:_identify(src/lab1_introduction) by extension 'colcon_meta'
[2.528s] Level 1:colcon.colcon_core.package_identification:_identify(src/lab1_introduction) by extensions ['ros']
[2.529s] Level 1:colcon.colcon_core.package_identification:_identify(src/lab1_introduction) by extension 'ros'
[2.543s] DEBUG:colcon.colcon_core.package_identification:Package 'src/lab1_introduction' with type 'ros.ament_cmake' and name 'lab1_introduction'
[2.544s] Level 1:colcon.colcon_core.package_discovery:discover_packages(recursive) using defaults
[2.544s] Level 1:colcon.colcon_core.package_discovery:discover_packages(ignore) discover
[2.545s] Level 1:colcon.colcon_core.package_discovery:discover_packages(ignore) using defaults
[2.545s] Level 1:colcon.colcon_core.package_discovery:discover_packages(path) discover
[2.545s] Level 1:colcon.colcon_core.package_discovery:discover_packages(path) using defaults
[2.676s] Level 1:colcon.colcon_core.package_discovery:discover_packages(prefix_path) check parameters
[2.677s] Level 1:colcon.colcon_core.package_discovery:discover_packages(prefix_path) discover
[2.691s] DEBUG:colcon.colcon_installed_package_information.package_discovery:Found 1 installed packages in /home/dawgs_nx/dawgs_f1tenth/labs_f1tenth/lab1/install
[2.702s] DEBUG:colcon.colcon_installed_package_information.package_discovery:Found 289 installed packages in /opt/ros/foxy
[2.712s] Level 1:colcon.colcon_core.package_discovery:discover_packages(prefix_path) using defaults
[3.101s] Level 5:colcon.colcon_core.verb:set package 'lab1_introduction' build argument 'cmake_args' from command line to 'None'
[3.101s] Level 5:colcon.colcon_core.verb:set package 'lab1_introduction' build argument 'cmake_target' from command line to 'None'
[3.101s] Level 5:colcon.colcon_core.verb:set package 'lab1_introduction' build argument 'cmake_target_skip_unavailable' from command line to 'False'
[3.101s] Level 5:colcon.colcon_core.verb:set package 'lab1_introduction' build argument 'cmake_clean_cache' from command line to 'False'
[3.102s] Level 5:colcon.colcon_core.verb:set package 'lab1_introduction' build argument 'cmake_clean_first' from command line to 'False'
[3.102s] Level 5:colcon.colcon_core.verb:set package 'lab1_introduction' build argument 'cmake_force_configure' from command line to 'False'
[3.102s] Level 5:colcon.colcon_core.verb:set package 'lab1_introduction' build argument 'ament_cmake_args' from command line to 'None'
[3.102s] Level 5:colcon.colcon_core.verb:set package 'lab1_introduction' build argument 'catkin_cmake_args' from command line to 'None'
[3.102s] Level 5:colcon.colcon_core.verb:set package 'lab1_introduction' build argument 'catkin_skip_building_tests' from command line to 'False'
[3.103s] DEBUG:colcon.colcon_core.verb:Building package 'lab1_introduction' with the following arguments: {'ament_cmake_args': None, 'build_base': '/home/dawgs_nx/dawgs_f1tenth/labs_f1tenth/lab1/build/lab1_introduction', 'catkin_cmake_args': None, 'catkin_skip_building_tests': False, 'cmake_args': None, 'cmake_clean_cache': False, 'cmake_clean_first': False, 'cmake_force_configure': False, 'cmake_target': None, 'cmake_target_skip_unavailable': False, 'install_base': '/home/dawgs_nx/dawgs_f1tenth/labs_f1tenth/lab1/install/lab1_introduction', 'merge_install': False, 'path': '/home/dawgs_nx/dawgs_f1tenth/labs_f1tenth/lab1/src/lab1_introduction', 'symlink_install': True, 'test_result_base': None}
[3.103s] INFO:colcon.colcon_core.executor:Executing jobs using 'parallel' executor
[3.108s] DEBUG:colcon.colcon_parallel_executor.executor.parallel:run_until_complete
[3.110s] INFO:colcon.colcon_ros.task.ament_cmake.build:Building ROS package in '/home/dawgs_nx/dawgs_f1tenth/labs_f1tenth/lab1/src/lab1_introduction' with build type 'ament_cmake'
[3.111s] INFO:colcon.colcon_cmake.task.cmake.build:Building CMake package in '/home/dawgs_nx/dawgs_f1tenth/labs_f1tenth/lab1/src/lab1_introduction'
[3.122s] INFO:colcon.colcon_core.plugin_system:Skipping extension 'colcon_core.shell.bat': Not used on non-Windows systems
[3.124s] INFO:colcon.colcon_core.shell:Skip shell extension 'powershell' for command environment: Not usable outside of PowerShell
[3.125s] DEBUG:colcon.colcon_core.shell:Skip shell extension 'dsv' for command environment
[3.214s] DEBUG:colcon.colcon_core.event_handler.log_command:Invoking command in '/home/dawgs_nx/dawgs_f1tenth/labs_f1tenth/lab1/build/lab1_introduction': CMAKE_PREFIX_PATH=${CMAKE_PREFIX_PATH}:/opt/ros/foxy /usr/bin/cmake --build /home/dawgs_nx/dawgs_f1tenth/labs_f1tenth/lab1/build/lab1_introduction -- -j6 -l6
[19.823s] DEBUG:colcon.colcon_core.event_handler.log_command:Invoked command in '/home/dawgs_nx/dawgs_f1tenth/labs_f1tenth/lab1/build/lab1_introduction' returned '0': CMAKE_PREFIX_PATH=${CMAKE_PREFIX_PATH}:/opt/ros/foxy /usr/bin/cmake --build /home/dawgs_nx/dawgs_f1tenth/labs_f1tenth/lab1/build/lab1_introduction -- -j6 -l6
[19.916s] DEBUG:colcon.colcon_core.event_handler.log_command:Invoking command in '/home/dawgs_nx/dawgs_f1tenth/labs_f1tenth/lab1/build/lab1_introduction': CMAKE_PREFIX_PATH=${CMAKE_PREFIX_PATH}:/opt/ros/foxy /usr/bin/cmake --install /home/dawgs_nx/dawgs_f1tenth/labs_f1tenth/lab1/build/lab1_introduction
[20.118s] Level 1:colcon.colcon_core.environment:create_environment_scripts_only(lab1_introduction)
[20.131s] DEBUG:colcon.colcon_core.event_handler.log_command:Invoked command in '/home/dawgs_nx/dawgs_f1tenth/labs_f1tenth/lab1/build/lab1_introduction' returned '0': CMAKE_PREFIX_PATH=${CMAKE_PREFIX_PATH}:/opt/ros/foxy /usr/bin/cmake --install /home/dawgs_nx/dawgs_f1tenth/labs_f1tenth/lab1/build/lab1_introduction
[20.149s] Level 1:colcon.colcon_core.environment:checking '/home/dawgs_nx/dawgs_f1tenth/labs_f1tenth/lab1/install/lab1_introduction' for CMake module files
[20.154s] Level 1:colcon.colcon_core.environment:checking '/home/dawgs_nx/dawgs_f1tenth/labs_f1tenth/lab1/install/lab1_introduction' for CMake config files
[20.159s] Level 1:colcon.colcon_core.shell:create_environment_hook('lab1_introduction', 'cmake_prefix_path')
[20.161s] INFO:colcon.colcon_core.shell:Creating environment hook '/home/dawgs_nx/dawgs_f1tenth/labs_f1tenth/lab1/install/lab1_introduction/share/lab1_introduction/hook/cmake_prefix_path.ps1'
[20.168s] INFO:colcon.colcon_core.shell:Creating environment descriptor '/home/dawgs_nx/dawgs_f1tenth/labs_f1tenth/lab1/install/lab1_introduction/share/lab1_introduction/hook/cmake_prefix_path.dsv'
[20.173s] INFO:colcon.colcon_core.shell:Creating environment hook '/home/dawgs_nx/dawgs_f1tenth/labs_f1tenth/lab1/install/lab1_introduction/share/lab1_introduction/hook/cmake_prefix_path.sh'
[20.180s] Level 1:colcon.colcon_core.environment:checking '/home/dawgs_nx/dawgs_f1tenth/labs_f1tenth/lab1/install/lab1_introduction/lib'
[20.181s] Level 1:colcon.colcon_core.environment:checking '/home/dawgs_nx/dawgs_f1tenth/labs_f1tenth/lab1/install/lab1_introduction/bin'
[20.181s] Level 1:colcon.colcon_core.shell:create_environment_hook('lab1_introduction', 'path')
[20.183s] INFO:colcon.colcon_core.shell:Creating environment hook '/home/dawgs_nx/dawgs_f1tenth/labs_f1tenth/lab1/install/lab1_introduction/share/lab1_introduction/hook/path.ps1'
[20.189s] INFO:colcon.colcon_core.shell:Creating environment descriptor '/home/dawgs_nx/dawgs_f1tenth/labs_f1tenth/lab1/install/lab1_introduction/share/lab1_introduction/hook/path.dsv'
[20.195s] INFO:colcon.colcon_core.shell:Creating environment hook '/home/dawgs_nx/dawgs_f1tenth/labs_f1tenth/lab1/install/lab1_introduction/share/lab1_introduction/hook/path.sh'
[20.199s] Level 1:colcon.colcon_core.environment:checking '/home/dawgs_nx/dawgs_f1tenth/labs_f1tenth/lab1/install/lab1_introduction/lib/pkgconfig/lab1_introduction.pc'
[20.203s] Level 1:colcon.colcon_core.environment:checking '/home/dawgs_nx/dawgs_f1tenth/labs_f1tenth/lab1/install/lab1_introduction/lib/python3.8/site-packages'
[20.205s] Level 1:colcon.colcon_core.environment:checking '/home/dawgs_nx/dawgs_f1tenth/labs_f1tenth/lab1/install/lab1_introduction/bin'
[20.207s] Level 1:colcon.colcon_core.shell:create_environment_hook('lab1_introduction', 'pythonscriptspath')
[20.208s] INFO:colcon.colcon_core.shell:Creating environment hook '/home/dawgs_nx/dawgs_f1tenth/labs_f1tenth/lab1/install/lab1_introduction/share/lab1_introduction/hook/pythonscriptspath.ps1'
[20.211s] INFO:colcon.colcon_core.shell:Creating environment descriptor '/home/dawgs_nx/dawgs_f1tenth/labs_f1tenth/lab1/install/lab1_introduction/share/lab1_introduction/hook/pythonscriptspath.dsv'
[20.213s] INFO:colcon.colcon_core.shell:Creating environment hook '/home/dawgs_nx/dawgs_f1tenth/labs_f1tenth/lab1/install/lab1_introduction/share/lab1_introduction/hook/pythonscriptspath.sh'
[20.218s] INFO:colcon.colcon_core.shell:Creating package script '/home/dawgs_nx/dawgs_f1tenth/labs_f1tenth/lab1/install/lab1_introduction/share/lab1_introduction/package.ps1'
[20.225s] INFO:colcon.colcon_core.shell:Creating package descriptor '/home/dawgs_nx/dawgs_f1tenth/labs_f1tenth/lab1/install/lab1_introduction/share/lab1_introduction/package.dsv'
[20.236s] INFO:colcon.colcon_core.shell:Creating package script '/home/dawgs_nx/dawgs_f1tenth/labs_f1tenth/lab1/install/lab1_introduction/share/lab1_introduction/package.sh'
[20.247s] INFO:colcon.colcon_core.shell:Creating package script '/home/dawgs_nx/dawgs_f1tenth/labs_f1tenth/lab1/install/lab1_introduction/share/lab1_introduction/package.bash'
[20.258s] INFO:colcon.colcon_core.shell:Creating package script '/home/dawgs_nx/dawgs_f1tenth/labs_f1tenth/lab1/install/lab1_introduction/share/lab1_introduction/package.zsh'
[20.262s] Level 1:colcon.colcon_core.environment:create_file_with_runtime_dependencies(/home/dawgs_nx/dawgs_f1tenth/labs_f1tenth/lab1/install/lab1_introduction/share/colcon-core/packages/lab1_introduction)
[20.266s] Level 1:colcon.colcon_core.environment:create_environment_scripts_only(lab1_introduction)
[20.268s] Level 1:colcon.colcon_core.environment:checking '/home/dawgs_nx/dawgs_f1tenth/labs_f1tenth/lab1/install/lab1_introduction' for CMake module files
[20.271s] Level 1:colcon.colcon_core.environment:checking '/home/dawgs_nx/dawgs_f1tenth/labs_f1tenth/lab1/install/lab1_introduction' for CMake config files
[20.274s] Level 1:colcon.colcon_core.shell:create_environment_hook('lab1_introduction', 'cmake_prefix_path')
[20.275s] INFO:colcon.colcon_core.shell:Creating environment hook '/home/dawgs_nx/dawgs_f1tenth/labs_f1tenth/lab1/install/lab1_introduction/share/lab1_introduction/hook/cmake_prefix_path.ps1'
[20.278s] INFO:colcon.colcon_core.shell:Creating environment descriptor '/home/dawgs_nx/dawgs_f1tenth/labs_f1tenth/lab1/install/lab1_introduction/share/lab1_introduction/hook/cmake_prefix_path.dsv'
[20.280s] INFO:colcon.colcon_core.shell:Creating environment hook '/home/dawgs_nx/dawgs_f1tenth/labs_f1tenth/lab1/install/lab1_introduction/share/lab1_introduction/hook/cmake_prefix_path.sh'
[20.283s] Level 1:colcon.colcon_core.environment:checking '/home/dawgs_nx/dawgs_f1tenth/labs_f1tenth/lab1/install/lab1_introduction/lib'
[20.283s] Level 1:colcon.colcon_core.environment:checking '/home/dawgs_nx/dawgs_f1tenth/labs_f1tenth/lab1/install/lab1_introduction/bin'
[20.284s] Level 1:colcon.colcon_core.shell:create_environment_hook('lab1_introduction', 'path')
[20.285s] INFO:colcon.colcon_core.shell:Creating environment hook '/home/dawgs_nx/dawgs_f1tenth/labs_f1tenth/lab1/install/lab1_introduction/share/lab1_introduction/hook/path.ps1'
[20.287s] INFO:colcon.colcon_core.shell:Creating environment descriptor '/home/dawgs_nx/dawgs_f1tenth/labs_f1tenth/lab1/install/lab1_introduction/share/lab1_introduction/hook/path.dsv'
[20.289s] INFO:colcon.colcon_core.shell:Creating environment hook '/home/dawgs_nx/dawgs_f1tenth/labs_f1tenth/lab1/install/lab1_introduction/share/lab1_introduction/hook/path.sh'
[20.292s] Level 1:colcon.colcon_core.environment:checking '/home/dawgs_nx/dawgs_f1tenth/labs_f1tenth/lab1/install/lab1_introduction/lib/pkgconfig/lab1_introduction.pc'
[20.293s] Level 1:colcon.colcon_core.environment:checking '/home/dawgs_nx/dawgs_f1tenth/labs_f1tenth/lab1/install/lab1_introduction/lib/python3.8/site-packages'
[20.294s] Level 1:colcon.colcon_core.environment:checking '/home/dawgs_nx/dawgs_f1tenth/labs_f1tenth/lab1/install/lab1_introduction/bin'
[20.294s] Level 1:colcon.colcon_core.shell:create_environment_hook('lab1_introduction', 'pythonscriptspath')
[20.295s] INFO:colcon.colcon_core.shell:Creating environment hook '/home/dawgs_nx/dawgs_f1tenth/labs_f1tenth/lab1/install/lab1_introduction/share/lab1_introduction/hook/pythonscriptspath.ps1'
[20.298s] INFO:colcon.colcon_core.shell:Creating environment descriptor '/home/dawgs_nx/dawgs_f1tenth/labs_f1tenth/lab1/install/lab1_introduction/share/lab1_introduction/hook/pythonscriptspath.dsv'
[20.300s] INFO:colcon.colcon_core.shell:Creating environment hook '/home/dawgs_nx/dawgs_f1tenth/labs_f1tenth/lab1/install/lab1_introduction/share/lab1_introduction/hook/pythonscriptspath.sh'
[20.306s] INFO:colcon.colcon_core.shell:Creating package script '/home/dawgs_nx/dawgs_f1tenth/labs_f1tenth/lab1/install/lab1_introduction/share/lab1_introduction/package.ps1'
[20.310s] INFO:colcon.colcon_core.shell:Creating package descriptor '/home/dawgs_nx/dawgs_f1tenth/labs_f1tenth/lab1/install/lab1_introduction/share/lab1_introduction/package.dsv'
[20.314s] INFO:colcon.colcon_core.shell:Creating package script '/home/dawgs_nx/dawgs_f1tenth/labs_f1tenth/lab1/install/lab1_introduction/share/lab1_introduction/package.sh'
[20.317s] INFO:colcon.colcon_core.shell:Creating package script '/home/dawgs_nx/dawgs_f1tenth/labs_f1tenth/lab1/install/lab1_introduction/share/lab1_introduction/package.bash'
[20.319s] INFO:colcon.colcon_core.shell:Creating package script '/home/dawgs_nx/dawgs_f1tenth/labs_f1tenth/lab1/install/lab1_introduction/share/lab1_introduction/package.zsh'
[20.321s] Level 1:colcon.colcon_core.environment:create_file_with_runtime_dependencies(/home/dawgs_nx/dawgs_f1tenth/labs_f1tenth/lab1/install/lab1_introduction/share/colcon-core/packages/lab1_introduction)
[20.323s] DEBUG:colcon.colcon_parallel_executor.executor.parallel:closing loop
[20.325s] DEBUG:colcon.colcon_parallel_executor.executor.parallel:loop closed
[20.326s] DEBUG:colcon.colcon_parallel_executor.executor.parallel:run_until_complete finished with '0'
[20.327s] DEBUG:colcon.colcon_core.event_reactor:joining thread
[20.375s] INFO:colcon.colcon_core.plugin_system:Skipping extension 'colcon_notification.desktop_notification.terminal_notifier': Not used on non-Darwin systems
[20.376s] INFO:colcon.colcon_core.plugin_system:Skipping extension 'colcon_notification.desktop_notification.win32': Not used on non-Windows systems
[20.376s] INFO:colcon.colcon_notification.desktop_notification:Sending desktop notification using 'notify2'
[20.492s] DEBUG:colcon.colcon_core.event_reactor:joined thread
[20.494s] INFO:colcon.colcon_core.shell:Creating prefix script '/home/dawgs_nx/dawgs_f1tenth/labs_f1tenth/lab1/install/local_setup.ps1'
[20.499s] INFO:colcon.colcon_core.shell:Creating prefix util module '/home/dawgs_nx/dawgs_f1tenth/labs_f1tenth/lab1/install/_local_setup_util_ps1.py'
[20.506s] INFO:colcon.colcon_core.shell:Creating prefix chain script '/home/dawgs_nx/dawgs_f1tenth/labs_f1tenth/lab1/install/setup.ps1'
[20.513s] INFO:colcon.colcon_core.shell:Creating prefix script '/home/dawgs_nx/dawgs_f1tenth/labs_f1tenth/lab1/install/local_setup.sh'
[20.520s] INFO:colcon.colcon_core.shell:Creating prefix util module '/home/dawgs_nx/dawgs_f1tenth/labs_f1tenth/lab1/install/_local_setup_util_sh.py'
[20.523s] INFO:colcon.colcon_core.shell:Creating prefix chain script '/home/dawgs_nx/dawgs_f1tenth/labs_f1tenth/lab1/install/setup.sh'
[20.529s] INFO:colcon.colcon_core.shell:Creating prefix script '/home/dawgs_nx/dawgs_f1tenth/labs_f1tenth/lab1/install/local_setup.bash'
[20.532s] INFO:colcon.colcon_core.shell:Creating prefix chain script '/home/dawgs_nx/dawgs_f1tenth/labs_f1tenth/lab1/install/setup.bash'
[20.537s] INFO:colcon.colcon_core.shell:Creating prefix script '/home/dawgs_nx/dawgs_f1tenth/labs_f1tenth/lab1/install/local_setup.zsh'
[20.540s] INFO:colcon.colcon_core.shell:Creating prefix chain script '/home/dawgs_nx/dawgs_f1tenth/labs_f1tenth/lab1/install/setup.zsh'
