[1.111s] DEBUG:colcon:Command line arguments: ['/usr/bin/colcon', 'build', '--symlink-install']
[1.112s] DEBUG:colcon:Parsed command line arguments: Namespace(allow_overriding=[], ament_cmake_args=None, base_paths=['.'], build_base='build', catkin_cmake_args=None, catkin_skip_building_tests=False, cmake_args=None, cmake_clean_cache=False, cmake_clean_first=False, cmake_force_configure=False, cmake_target=None, cmake_target_skip_unavailable=False, continue_on_error=False, event_handlers=None, executor='parallel', ignore_user_meta=False, install_base='install', log_base=None, log_level=None, main=<bound method BuildVerb.main of <colcon_core.verb.build.BuildVerb object at 0xffffbbf6c580>>, merge_install=False, metas=['./colcon.meta'], mixin=None, mixin_files=None, mixin_verb=('build',), packages_above=None, packages_above_and_dependencies=None, packages_above_depth=None, packages_end=None, packages_ignore=None, packages_ignore_regex=None, packages_select=None, packages_select_build_failed=False, packages_select_by_dep=None, packages_select_regex=None, packages_select_test_failures=False, packages_skip=None, packages_skip_build_finished=False, packages_skip_by_dep=None, packages_skip_regex=None, packages_skip_test_passed=False, packages_skip_up_to=None, packages_start=None, packages_up_to=None, packages_up_to_regex=None, parallel_workers=6, paths=None, symlink_install=True, test_result_base=None, verb_extension=<colcon_core.verb.build.BuildVerb object at 0xffffbbf6c580>, verb_name='build', verb_parser=<colcon_mixin.mixin.mixin_argument.MixinArgumentDecorator object at 0xffffbbeccfa0>)
[2.028s] Level 1:colcon.colcon_core.package_discovery:discover_packages(colcon_meta) check parameters
[2.029s] Level 1:colcon.colcon_core.package_discovery:discover_packages(recursive) check parameters
[2.029s] Level 1:colcon.colcon_core.package_discovery:discover_packages(ignore) check parameters
[2.029s] Level 1:colcon.colcon_core.package_discovery:discover_packages(path) check parameters
[2.029s] Level 1:colcon.colcon_core.package_discovery:discover_packages(colcon_meta) discover
[2.030s] Level 1:colcon.colcon_core.package_discovery:discover_packages(recursive) discover
[2.030s] INFO:colcon.colcon_core.package_discovery:Crawling recursively for packages in '/home/dawgs_nx/dawgs_f1tenth/01_labs/lab1'
[2.031s] Level 1:colcon.colcon_core.package_identification:_identify(.) by extensions ['ignore', 'ignore_ament_install']
[2.031s] Level 1:colcon.colcon_core.package_identification:_identify(.) by extension 'ignore'
[2.032s] Level 1:colcon.colcon_core.package_identification:_identify(.) by extension 'ignore_ament_install'
[2.032s] Level 1:colcon.colcon_core.package_identification:_identify(.) by extensions ['colcon_pkg']
[2.032s] Level 1:colcon.colcon_core.package_identification:_identify(.) by extension 'colcon_pkg'
[2.033s] Level 1:colcon.colcon_core.package_identification:_identify(.) by extensions ['colcon_meta']
[2.033s] Level 1:colcon.colcon_core.package_identification:_identify(.) by extension 'colcon_meta'
[2.033s] Level 1:colcon.colcon_core.package_identification:_identify(.) by extensions ['ros']
[2.033s] Level 1:colcon.colcon_core.package_identification:_identify(.) by extension 'ros'
[2.106s] Level 1:colcon.colcon_core.package_identification:_identify(.) by extensions ['cmake', 'python']
[2.107s] Level 1:colcon.colcon_core.package_identification:_identify(.) by extension 'cmake'
[2.107s] Level 1:colcon.colcon_core.package_identification:_identify(.) by extension 'python'
[2.107s] Level 1:colcon.colcon_core.package_identification:_identify(.) by extensions ['python_setup_py']
[2.108s] Level 1:colcon.colcon_core.package_identification:_identify(.) by extension 'python_setup_py'
[2.108s] Level 1:colcon.colcon_core.package_identification:_identify(build) by extensions ['ignore', 'ignore_ament_install']
[2.109s] Level 1:colcon.colcon_core.package_identification:_identify(build) by extension 'ignore'
[2.109s] Level 1:colcon.colcon_core.package_identification:_identify(build) ignored
[2.110s] Level 1:colcon.colcon_core.package_identification:_identify(install) by extensions ['ignore', 'ignore_ament_install']
[2.111s] Level 1:colcon.colcon_core.package_identification:_identify(install) by extension 'ignore'
[2.111s] Level 1:colcon.colcon_core.package_identification:_identify(install) ignored
[2.112s] Level 1:colcon.colcon_core.package_identification:_identify(log) by extensions ['ignore', 'ignore_ament_install']
[2.112s] Level 1:colcon.colcon_core.package_identification:_identify(log) by extension 'ignore'
[2.112s] Level 1:colcon.colcon_core.package_identification:_identify(log) ignored
[2.113s] Level 1:colcon.colcon_core.package_identification:_identify(src) by extensions ['ignore', 'ignore_ament_install']
[2.113s] Level 1:colcon.colcon_core.package_identification:_identify(src) by extension 'ignore'
[2.113s] Level 1:colcon.colcon_core.package_identification:_identify(src) by extension 'ignore_ament_install'
[2.114s] Level 1:colcon.colcon_core.package_identification:_identify(src) by extensions ['colcon_pkg']
[2.114s] Level 1:colcon.colcon_core.package_identification:_identify(src) by extension 'colcon_pkg'
[2.114s] Level 1:colcon.colcon_core.package_identification:_identify(src) by extensions ['colcon_meta']
[2.115s] Level 1:colcon.colcon_core.package_identification:_identify(src) by extension 'colcon_meta'
[2.115s] Level 1:colcon.colcon_core.package_identification:_identify(src) by extensions ['ros']
[2.115s] Level 1:colcon.colcon_core.package_identification:_identify(src) by extension 'ros'
[2.116s] Level 1:colcon.colcon_core.package_identification:_identify(src) by extensions ['cmake', 'python']
[2.116s] Level 1:colcon.colcon_core.package_identification:_identify(src) by extension 'cmake'
[2.116s] Level 1:colcon.colcon_core.package_identification:_identify(src) by extension 'python'
[2.116s] Level 1:colcon.colcon_core.package_identification:_identify(src) by extensions ['python_setup_py']
[2.116s] Level 1:colcon.colcon_core.package_identification:_identify(src) by extension 'python_setup_py'
[2.117s] Level 1:colcon.colcon_core.package_identification:_identify(src/lab1_introduction) by extensions ['ignore', 'ignore_ament_install']
[2.118s] Level 1:colcon.colcon_core.package_identification:_identify(src/lab1_introduction) by extension 'ignore'
[2.118s] Level 1:colcon.colcon_core.package_identification:_identify(src/lab1_introduction) by extension 'ignore_ament_install'
[2.118s] Level 1:colcon.colcon_core.package_identification:_identify(src/lab1_introduction) by extensions ['colcon_pkg']
[2.119s] Level 1:colcon.colcon_core.package_identification:_identify(src/lab1_introduction) by extension 'colcon_pkg'
[2.119s] Level 1:colcon.colcon_core.package_identification:_identify(src/lab1_introduction) by extensions ['colcon_meta']
[2.119s] Level 1:colcon.colcon_core.package_identification:_identify(src/lab1_introduction) by extension 'colcon_meta'
[2.119s] Level 1:colcon.colcon_core.package_identification:_identify(src/lab1_introduction) by extensions ['ros']
[2.119s] Level 1:colcon.colcon_core.package_identification:_identify(src/lab1_introduction) by extension 'ros'
[2.134s] DEBUG:colcon.colcon_core.package_identification:Package 'src/lab1_introduction' with type 'ros.ament_cmake' and name 'lab1_introduction'
[2.135s] Level 1:colcon.colcon_core.package_discovery:discover_packages(recursive) using defaults
[2.135s] Level 1:colcon.colcon_core.package_discovery:discover_packages(ignore) discover
[2.135s] Level 1:colcon.colcon_core.package_discovery:discover_packages(ignore) using defaults
[2.136s] Level 1:colcon.colcon_core.package_discovery:discover_packages(path) discover
[2.136s] Level 1:colcon.colcon_core.package_discovery:discover_packages(path) using defaults
[2.225s] Level 1:colcon.colcon_core.package_discovery:discover_packages(prefix_path) check parameters
[2.226s] Level 1:colcon.colcon_core.package_discovery:discover_packages(prefix_path) discover
[2.235s] DEBUG:colcon.colcon_installed_package_information.package_discovery:Found 1 installed packages in /home/dawgs_nx/dawgs_f1tenth/01_labs/lab1/install
[2.245s] DEBUG:colcon.colcon_installed_package_information.package_discovery:Found 286 installed packages in /opt/ros/foxy
[2.256s] Level 1:colcon.colcon_core.package_discovery:discover_packages(prefix_path) using defaults
[2.687s] Level 5:colcon.colcon_core.verb:set package 'lab1_introduction' build argument 'cmake_args' from command line to 'None'
[2.687s] Level 5:colcon.colcon_core.verb:set package 'lab1_introduction' build argument 'cmake_target' from command line to 'None'
[2.688s] Level 5:colcon.colcon_core.verb:set package 'lab1_introduction' build argument 'cmake_target_skip_unavailable' from command line to 'False'
[2.688s] Level 5:colcon.colcon_core.verb:set package 'lab1_introduction' build argument 'cmake_clean_cache' from command line to 'False'
[2.688s] Level 5:colcon.colcon_core.verb:set package 'lab1_introduction' build argument 'cmake_clean_first' from command line to 'False'
[2.688s] Level 5:colcon.colcon_core.verb:set package 'lab1_introduction' build argument 'cmake_force_configure' from command line to 'False'
[2.689s] Level 5:colcon.colcon_core.verb:set package 'lab1_introduction' build argument 'ament_cmake_args' from command line to 'None'
[2.689s] Level 5:colcon.colcon_core.verb:set package 'lab1_introduction' build argument 'catkin_cmake_args' from command line to 'None'
[2.689s] Level 5:colcon.colcon_core.verb:set package 'lab1_introduction' build argument 'catkin_skip_building_tests' from command line to 'False'
[2.689s] DEBUG:colcon.colcon_core.verb:Building package 'lab1_introduction' with the following arguments: {'ament_cmake_args': None, 'build_base': '/home/dawgs_nx/dawgs_f1tenth/01_labs/lab1/build/lab1_introduction', 'catkin_cmake_args': None, 'catkin_skip_building_tests': False, 'cmake_args': None, 'cmake_clean_cache': False, 'cmake_clean_first': False, 'cmake_force_configure': False, 'cmake_target': None, 'cmake_target_skip_unavailable': False, 'install_base': '/home/dawgs_nx/dawgs_f1tenth/01_labs/lab1/install/lab1_introduction', 'merge_install': False, 'path': '/home/dawgs_nx/dawgs_f1tenth/01_labs/lab1/src/lab1_introduction', 'symlink_install': True, 'test_result_base': None}
[2.690s] INFO:colcon.colcon_core.executor:Executing jobs using 'parallel' executor
[2.696s] DEBUG:colcon.colcon_parallel_executor.executor.parallel:run_until_complete
[2.697s] INFO:colcon.colcon_ros.task.ament_cmake.build:Building ROS package in '/home/dawgs_nx/dawgs_f1tenth/01_labs/lab1/src/lab1_introduction' with build type 'ament_cmake'
[2.698s] INFO:colcon.colcon_cmake.task.cmake.build:Building CMake package in '/home/dawgs_nx/dawgs_f1tenth/01_labs/lab1/src/lab1_introduction'
[2.713s] INFO:colcon.colcon_core.plugin_system:Skipping extension 'colcon_core.shell.bat': Not used on non-Windows systems
[2.714s] INFO:colcon.colcon_core.shell:Skip shell extension 'powershell' for command environment: Not usable outside of PowerShell
[2.715s] DEBUG:colcon.colcon_core.shell:Skip shell extension 'dsv' for command environment
[2.808s] DEBUG:colcon.colcon_core.event_handler.log_command:Invoking command in '/home/dawgs_nx/dawgs_f1tenth/01_labs/lab1/build/lab1_introduction': CMAKE_PREFIX_PATH=/opt/ros/foxy /usr/bin/cmake --build /home/dawgs_nx/dawgs_f1tenth/01_labs/lab1/build/lab1_introduction -- -j6 -l6
[14.091s] DEBUG:colcon.colcon_core.event_handler.log_command:Invoked command in '/home/dawgs_nx/dawgs_f1tenth/01_labs/lab1/build/lab1_introduction' returned '2': CMAKE_PREFIX_PATH=/opt/ros/foxy /usr/bin/cmake --build /home/dawgs_nx/dawgs_f1tenth/01_labs/lab1/build/lab1_introduction -- -j6 -l6
[14.247s] Level 1:colcon.colcon_core.environment:create_environment_scripts_only(lab1_introduction)
[14.265s] Level 1:colcon.colcon_core.environment:checking '/home/dawgs_nx/dawgs_f1tenth/01_labs/lab1/install/lab1_introduction' for CMake module files
[14.268s] Level 1:colcon.colcon_core.environment:checking '/home/dawgs_nx/dawgs_f1tenth/01_labs/lab1/install/lab1_introduction' for CMake config files
[14.273s] Level 1:colcon.colcon_core.environment:checking '/home/dawgs_nx/dawgs_f1tenth/01_labs/lab1/install/lab1_introduction/bin'
[14.273s] Level 1:colcon.colcon_core.environment:checking '/home/dawgs_nx/dawgs_f1tenth/01_labs/lab1/install/lab1_introduction/lib/pkgconfig/lab1_introduction.pc'
[14.275s] Level 1:colcon.colcon_core.environment:checking '/home/dawgs_nx/dawgs_f1tenth/01_labs/lab1/install/lab1_introduction/lib/python3.8/site-packages'
[14.276s] Level 1:colcon.colcon_core.environment:checking '/home/dawgs_nx/dawgs_f1tenth/01_labs/lab1/install/lab1_introduction/bin'
[14.278s] INFO:colcon.colcon_core.shell:Creating package script '/home/dawgs_nx/dawgs_f1tenth/01_labs/lab1/install/lab1_introduction/share/lab1_introduction/package.ps1'
[14.286s] INFO:colcon.colcon_core.shell:Creating package descriptor '/home/dawgs_nx/dawgs_f1tenth/01_labs/lab1/install/lab1_introduction/share/lab1_introduction/package.dsv'
[14.289s] INFO:colcon.colcon_core.shell:Creating package script '/home/dawgs_nx/dawgs_f1tenth/01_labs/lab1/install/lab1_introduction/share/lab1_introduction/package.sh'
[14.294s] INFO:colcon.colcon_core.shell:Creating package script '/home/dawgs_nx/dawgs_f1tenth/01_labs/lab1/install/lab1_introduction/share/lab1_introduction/package.bash'
[14.299s] INFO:colcon.colcon_core.shell:Creating package script '/home/dawgs_nx/dawgs_f1tenth/01_labs/lab1/install/lab1_introduction/share/lab1_introduction/package.zsh'
[14.303s] Level 1:colcon.colcon_core.environment:create_file_with_runtime_dependencies(/home/dawgs_nx/dawgs_f1tenth/01_labs/lab1/install/lab1_introduction/share/colcon-core/packages/lab1_introduction)
[14.317s] DEBUG:colcon.colcon_parallel_executor.executor.parallel:closing loop
[14.318s] DEBUG:colcon.colcon_parallel_executor.executor.parallel:loop closed
[14.319s] DEBUG:colcon.colcon_parallel_executor.executor.parallel:run_until_complete finished with '2'
[14.320s] DEBUG:colcon.colcon_core.event_reactor:joining thread
[14.356s] INFO:colcon.colcon_core.plugin_system:Skipping extension 'colcon_notification.desktop_notification.terminal_notifier': Not used on non-Darwin systems
[14.356s] INFO:colcon.colcon_core.plugin_system:Skipping extension 'colcon_notification.desktop_notification.win32': Not used on non-Windows systems
[14.357s] INFO:colcon.colcon_notification.desktop_notification:Sending desktop notification using 'notify2'
[14.478s] DEBUG:colcon.colcon_core.event_reactor:joined thread
[14.480s] INFO:colcon.colcon_core.shell:Creating prefix script '/home/dawgs_nx/dawgs_f1tenth/01_labs/lab1/install/local_setup.ps1'
[14.486s] INFO:colcon.colcon_core.shell:Creating prefix util module '/home/dawgs_nx/dawgs_f1tenth/01_labs/lab1/install/_local_setup_util_ps1.py'
[14.496s] INFO:colcon.colcon_core.shell:Creating prefix chain script '/home/dawgs_nx/dawgs_f1tenth/01_labs/lab1/install/setup.ps1'
[14.503s] INFO:colcon.colcon_core.shell:Creating prefix script '/home/dawgs_nx/dawgs_f1tenth/01_labs/lab1/install/local_setup.sh'
[14.508s] INFO:colcon.colcon_core.shell:Creating prefix util module '/home/dawgs_nx/dawgs_f1tenth/01_labs/lab1/install/_local_setup_util_sh.py'
[14.513s] INFO:colcon.colcon_core.shell:Creating prefix chain script '/home/dawgs_nx/dawgs_f1tenth/01_labs/lab1/install/setup.sh'
[14.520s] INFO:colcon.colcon_core.shell:Creating prefix script '/home/dawgs_nx/dawgs_f1tenth/01_labs/lab1/install/local_setup.bash'
[14.525s] INFO:colcon.colcon_core.shell:Creating prefix chain script '/home/dawgs_nx/dawgs_f1tenth/01_labs/lab1/install/setup.bash'
[14.533s] INFO:colcon.colcon_core.shell:Creating prefix script '/home/dawgs_nx/dawgs_f1tenth/01_labs/lab1/install/local_setup.zsh'
[14.540s] INFO:colcon.colcon_core.shell:Creating prefix chain script '/home/dawgs_nx/dawgs_f1tenth/01_labs/lab1/install/setup.zsh'
