[0.095s] Invoking command in '/home/dawgs_nx/dawgs_f1tenth/01_labs/lab1/build/lab1_introduction': CMAKE_PREFIX_PATH=/opt/ros/foxy /usr/bin/cmake --build /home/dawgs_nx/dawgs_f1tenth/01_labs/lab1/build/lab1_introduction -- -j6 -l6
[0.287s] -- Found ament_cmake: 0.9.12 (/opt/ros/foxy/share/ament_cmake/cmake)
[0.420s] -- Using PYTHON_EXECUTABLE: /usr/bin/python3
[1.546s] -- Override CMake install command with custom implementation using symlinks instead of copying resources
[1.591s] -- Found rclcpp: 2.4.3 (/opt/ros/foxy/share/rclcpp/cmake)
[1.794s] -- Using all available rosidl_typesupport_c: rosidl_typesupport_fastrtps_c;rosidl_typesupport_introspection_c
[1.814s] -- Found rosidl_adapter: 1.3.1 (/opt/ros/foxy/share/rosidl_adapter/cmake)
[2.492s] -- Using all available rosidl_typesupport_cpp: rosidl_typesupport_fastrtps_cpp;rosidl_typesupport_introspection_cpp
[2.814s] -- Found rmw_implementation_cmake: 1.0.4 (/opt/ros/foxy/share/rmw_implementation_cmake/cmake)
[2.822s] -- Using RMW implementation 'rmw_fastrtps_cpp' as default
[3.569s] -- Found ackermann_msgs: 2.0.2 (/opt/ros/foxy/share/ackermann_msgs/cmake)
[3.747s] -- Found sensor_msgs: 2.0.5 (/opt/ros/foxy/share/sensor_msgs/cmake)
[4.297s] CMake Error at CMakeLists.txt:33 (add_library):
[4.300s]   add_library cannot create target "ackermann_talker" because another target
[4.300s]   with the same name already exists.  The existing target is an executable
[4.301s]   created in source directory
[4.302s]   "/home/dawgs_nx/dawgs_f1tenth/01_labs/lab1/src/lab1_introduction".  See
[4.302s]   documentation for policy CMP0002 for more details.
[4.303s] 
[4.303s] 
[4.304s] CMake Error at /opt/ros/foxy/share/ament_cmake_core/cmake/symlink_install/install.cmake:43 (_install):
[4.304s]   _install does not recognize sub-command DIRECTROY
[4.305s] Call Stack (most recent call first):
[4.305s]   CMakeLists.txt:35 (install)
[4.306s] 
[4.306s] 
[4.307s] -- Found ament_lint_auto: 0.9.8 (/opt/ros/foxy/share/ament_lint_auto/cmake)
[4.686s] -- Added test 'copyright' to check source files copyright and LICENSE
[4.693s] -- Added test 'cppcheck' to perform static code analysis on C / C++ code
[4.695s] -- Configured cppcheck include dirs: /home/dawgs_nx/dawgs_f1tenth/01_labs/lab1/src/lab1_introduction/include
[4.696s] -- Configured cppcheck exclude dirs and/or files: 
[4.702s] -- Added test 'cpplint' to check C / C++ code against the Google style
[4.702s] -- Configured cpplint exclude dirs and/or files: 
[4.706s] -- Added test 'lint_cmake' to check CMake code style
[4.715s] -- Added test 'uncrustify' to check C / C++ code style
[4.717s] -- Configured uncrustify additional arguments: 
[4.718s] -- Added test 'xmllint' to check XML markup files
[4.744s] -- Configuring incomplete, errors occurred!
[4.745s] See also "/home/dawgs_nx/dawgs_f1tenth/01_labs/lab1/build/lab1_introduction/CMakeFiles/CMakeOutput.log".
[4.745s] See also "/home/dawgs_nx/dawgs_f1tenth/01_labs/lab1/build/lab1_introduction/CMakeFiles/CMakeError.log".
[4.789s] make: *** [Makefile:266: cmake_check_build_system] Error 1
[4.805s] Invoked command in '/home/dawgs_nx/dawgs_f1tenth/01_labs/lab1/build/lab1_introduction' returned '2': CMAKE_PREFIX_PATH=/opt/ros/foxy /usr/bin/cmake --build /home/dawgs_nx/dawgs_f1tenth/01_labs/lab1/build/lab1_introduction -- -j6 -l6
