[0.078s] Invoking command in '/home/dawgs_nx/dawgs_f1tenth/01_labs/lab1/build/lab1_introduction': CMAKE_PREFIX_PATH=/opt/ros/foxy /usr/bin/cmake --build /home/dawgs_nx/dawgs_f1tenth/01_labs/lab1/build/lab1_introduction -- -j6 -l6
[0.302s] -- Found ament_cmake: 0.9.12 (/opt/ros/foxy/share/ament_cmake/cmake)
[0.426s] -- Using PYTHON_EXECUTABLE: /usr/bin/python3
[1.521s] -- Override CMake install command with custom implementation using symlinks instead of copying resources
[1.576s] -- Found rclcpp: 2.4.3 (/opt/ros/foxy/share/rclcpp/cmake)
[1.798s] -- Using all available rosidl_typesupport_c: rosidl_typesupport_fastrtps_c;rosidl_typesupport_introspection_c
[1.818s] -- Found rosidl_adapter: 1.3.1 (/opt/ros/foxy/share/rosidl_adapter/cmake)
[2.461s] -- Using all available rosidl_typesupport_cpp: rosidl_typesupport_fastrtps_cpp;rosidl_typesupport_introspection_cpp
[2.732s] -- Found rmw_implementation_cmake: 1.0.4 (/opt/ros/foxy/share/rmw_implementation_cmake/cmake)
[2.740s] -- Using RMW implementation 'rmw_fastrtps_cpp' as default
[3.474s] -- Found ackermann_msgs: 2.0.2 (/opt/ros/foxy/share/ackermann_msgs/cmake)
[3.634s] -- Found sensor_msgs: 2.0.5 (/opt/ros/foxy/share/sensor_msgs/cmake)
[4.202s] -- Found ament_lint_auto: 0.9.8 (/opt/ros/foxy/share/ament_lint_auto/cmake)
[4.584s] -- Added test 'copyright' to check source files copyright and LICENSE
[4.592s] -- Added test 'cppcheck' to perform static code analysis on C / C++ code
[4.593s] -- Configured cppcheck include dirs: /home/dawgs_nx/dawgs_f1tenth/01_labs/lab1/src/lab1_introduction/include
[4.594s] -- Configured cppcheck exclude dirs and/or files: 
[4.599s] -- Added test 'cpplint' to check C / C++ code against the Google style
[4.600s] -- Configured cpplint exclude dirs and/or files: 
[4.604s] -- Added test 'lint_cmake' to check CMake code style
[4.612s] -- Added test 'uncrustify' to check C / C++ code style
[4.613s] -- Configured uncrustify additional arguments: 
[4.614s] -- Added test 'xmllint' to check XML markup files
[4.637s] -- Configuring done
[4.694s] -- Generating done
[4.707s] -- Build files have been written to: /home/dawgs_nx/dawgs_f1tenth/01_labs/lab1/build/lab1_introduction
[4.992s] [ 50%] [32m[1mLinking CXX executable ackermann_talker[0m
[6.208s] /usr/bin/ld: CMakeFiles/ackermann_talker.dir/src/ackermann_talker.cpp.o: in function `rclcpp::create_subscription_factory<sensor_msgs::msg::Joy_<std::allocator<void> >, std::_Bind<void (AckermannTalker::*(AckermannTalker*, std::_Placeholder<1>))(std::shared_ptr<sensor_msgs::msg::Joy_<std::allocator<void> > >)>, std::allocator<void>, sensor_msgs::msg::Joy_<std::allocator<void> >, rclcpp::Subscription<sensor_msgs::msg::Joy_<std::allocator<void> >, std::allocator<void>, rclcpp::message_memory_strategy::MessageMemoryStrategy<sensor_msgs::msg::Joy_<std::allocator<void> >, std::allocator<void> > >, rclcpp::message_memory_strategy::MessageMemoryStrategy<sensor_msgs::msg::Joy_<std::allocator<void> >, std::allocator<void> > >(std::_Bind<void (AckermannTalker::*(AckermannTalker*, std::_Placeholder<1>))(std::shared_ptr<sensor_msgs::msg::Joy_<std::allocator<void> > >)>&&, rclcpp::SubscriptionOptionsWithAllocator<std::allocator<void> > const&, rclcpp::message_memory_strategy::MessageMemoryStrategy<sensor_msgs::msg::Joy_<std::allocator<void> >, std::allocator<void> >::SharedPtr, std::shared_ptr<rclcpp::topic_statistics::SubscriptionTopicStatistics<sensor_msgs::msg::Joy_<std::allocator<void> > > >)::{lambda(rclcpp::node_interfaces::NodeBaseInterface*, std::__cxx11::basic_string<char, std::char_traits<char>, std::allocator<char> > const&, rclcpp::QoS const&)#1}::operator()(rclcpp::node_interfaces::NodeBaseInterface*, std::__cxx11::basic_string<char, std::char_traits<char>, std::allocator<char> > const&, rclcpp::QoS const&) const':
[6.209s] ackermann_talker.cpp:(.text._ZZN6rclcpp27create_subscription_factoryIN11sensor_msgs3msg4Joy_ISaIvEEESt5_BindIFM15AckermannTalkerFvSt10shared_ptrIS5_EEPS7_St12_PlaceholderILi1EEEES4_S5_NS_12SubscriptionIS5_S4_NS_23message_memory_strategy21MessageMemoryStrategyIS5_S4_EEEESK_EENS_19SubscriptionFactoryEOT0_RKNS_32SubscriptionOptionsWithAllocatorIT1_EENT4_9SharedPtrES8_INS_16topic_statistics27SubscriptionTopicStatisticsIT2_EEEENKUlPNS_15node_interfaces17NodeBaseInterfaceERKNSt7__cxx1112basic_stringIcSt11char_traitsIcESaIcEEERKNS_3QoSEE_clES13_S1B_S1E_[_ZZN6rclcpp27create_subscription_factoryIN11sensor_msgs3msg4Joy_ISaIvEEESt5_BindIFM15AckermannTalkerFvSt10shared_ptrIS5_EEPS7_St12_PlaceholderILi1EEEES4_S5_NS_12SubscriptionIS5_S4_NS_23message_memory_strategy21MessageMemoryStrategyIS5_S4_EEEESK_EENS_19SubscriptionFactoryEOT0_RKNS_32SubscriptionOptionsWithAllocatorIT1_EENT4_9SharedPtrES8_INS_16topic_statistics27SubscriptionTopicStatisticsIT2_EEEENKUlPNS_15node_interfaces17NodeBaseInterfaceERKNSt7__cxx1112basic_stringIcSt11char_traitsIcESaIcEEERKNS_3QoSEE_clES13_S1B_S1E_]+0x34): undefined reference to `rosidl_message_type_support_t const* rosidl_typesupport_cpp::get_message_type_support_handle<sensor_msgs::msg::Joy_<std::allocator<void> > >()'
[6.210s] collect2: error: ld returned 1 exit status
[6.218s] make[2]: *** [CMakeFiles/ackermann_talker.dir/build.make:136: ackermann_talker] Error 1
[6.219s] make[1]: *** [CMakeFiles/Makefile2:78: CMakeFiles/ackermann_talker.dir/all] Error 2
[6.220s] make: *** [Makefile:141: all] Error 2
[6.234s] Invoked command in '/home/dawgs_nx/dawgs_f1tenth/01_labs/lab1/build/lab1_introduction' returned '2': CMAKE_PREFIX_PATH=/opt/ros/foxy /usr/bin/cmake --build /home/dawgs_nx/dawgs_f1tenth/01_labs/lab1/build/lab1_introduction -- -j6 -l6
