[0.082s] Invoking command in '/home/dawgs_nx/dawgs_f1tenth/01_labs/lab1/build/lab1_introduction': CMAKE_PREFIX_PATH=${CMAKE_PREFIX_PATH}:/opt/ros/foxy /usr/bin/cmake --build /home/dawgs_nx/dawgs_f1tenth/01_labs/lab1/build/lab1_introduction -- -j6 -l6
[0.504s] [100%] Built target ackermann_talker
[0.593s] Invoked command in '/home/dawgs_nx/dawgs_f1tenth/01_labs/lab1/build/lab1_introduction' returned '0': CMAKE_PREFIX_PATH=${CMAKE_PREFIX_PATH}:/opt/ros/foxy /usr/bin/cmake --build /home/dawgs_nx/dawgs_f1tenth/01_labs/lab1/build/lab1_introduction -- -j6 -l6
[0.829s] Invoking command in '/home/dawgs_nx/dawgs_f1tenth/01_labs/lab1/build/lab1_introduction': CMAKE_PREFIX_PATH=${CMAKE_PREFIX_PATH}:/opt/ros/foxy /usr/bin/cmake --install /home/dawgs_nx/dawgs_f1tenth/01_labs/lab1/build/lab1_introduction
[0.878s] -- Install configuration: ""
[0.881s] -- Execute custom install script
[0.887s] -- Up-to-date symlink: /home/dawgs_nx/dawgs_f1tenth/01_labs/lab1/install/lab1_introduction/include/lab1_introduction/ackermann_talker.hpp
[0.889s] -- Up-to-date symlink: /home/dawgs_nx/dawgs_f1tenth/01_labs/lab1/install/lab1_introduction/share/ament_index/resource_index/package_run_dependencies/lab1_introduction
[0.891s] -- Up-to-date symlink: /home/dawgs_nx/dawgs_f1tenth/01_labs/lab1/install/lab1_introduction/share/ament_index/resource_index/parent_prefix_path/lab1_introduction
[0.893s] -- Up-to-date symlink: /home/dawgs_nx/dawgs_f1tenth/01_labs/lab1/install/lab1_introduction/share/lab1_introduction/environment/ament_prefix_path.sh
[0.895s] -- Up-to-date symlink: /home/dawgs_nx/dawgs_f1tenth/01_labs/lab1/install/lab1_introduction/share/lab1_introduction/environment/ament_prefix_path.dsv
[0.899s] -- Up-to-date symlink: /home/dawgs_nx/dawgs_f1tenth/01_labs/lab1/install/lab1_introduction/share/lab1_introduction/environment/path.sh
[0.901s] -- Up-to-date symlink: /home/dawgs_nx/dawgs_f1tenth/01_labs/lab1/install/lab1_introduction/share/lab1_introduction/environment/path.dsv
[0.903s] -- Up-to-date symlink: /home/dawgs_nx/dawgs_f1tenth/01_labs/lab1/install/lab1_introduction/share/lab1_introduction/local_setup.bash
[0.905s] -- Up-to-date symlink: /home/dawgs_nx/dawgs_f1tenth/01_labs/lab1/install/lab1_introduction/share/lab1_introduction/local_setup.sh
[0.908s] -- Up-to-date symlink: /home/dawgs_nx/dawgs_f1tenth/01_labs/lab1/install/lab1_introduction/share/lab1_introduction/local_setup.zsh
[0.909s] -- Up-to-date symlink: /home/dawgs_nx/dawgs_f1tenth/01_labs/lab1/install/lab1_introduction/share/lab1_introduction/local_setup.dsv
[0.913s] -- Symlinking: /home/dawgs_nx/dawgs_f1tenth/01_labs/lab1/install/lab1_introduction/share/lab1_introduction/package.dsv
[0.973s] -- Up-to-date symlink: /home/dawgs_nx/dawgs_f1tenth/01_labs/lab1/install/lab1_introduction/share/ament_index/resource_index/packages/lab1_introduction
[0.976s] -- Up-to-date symlink: /home/dawgs_nx/dawgs_f1tenth/01_labs/lab1/install/lab1_introduction/share/lab1_introduction/cmake/lab1_introductionConfig.cmake
[0.979s] -- Up-to-date symlink: /home/dawgs_nx/dawgs_f1tenth/01_labs/lab1/install/lab1_introduction/share/lab1_introduction/cmake/lab1_introductionConfig-version.cmake
[0.982s] -- Up-to-date symlink: /home/dawgs_nx/dawgs_f1tenth/01_labs/lab1/install/lab1_introduction/share/lab1_introduction/package.xml
[0.985s] -- Up-to-date: /home/dawgs_nx/dawgs_f1tenth/01_labs/lab1/install/lab1_introduction/bin/ackermann_talker
[1.002s] Invoked command in '/home/dawgs_nx/dawgs_f1tenth/01_labs/lab1/build/lab1_introduction' returned '0': CMAKE_PREFIX_PATH=${CMAKE_PREFIX_PATH}:/opt/ros/foxy /usr/bin/cmake --install /home/dawgs_nx/dawgs_f1tenth/01_labs/lab1/build/lab1_introduction
