[0.074s] Invoking command in '/home/dawgs_nx/dawgs_f1tenth/01_labs/lab1/build/lab1_introduction': CMAKE_PREFIX_PATH=${CMAKE_PREFIX_PATH}:/opt/ros/foxy /usr/bin/cmake --build /home/dawgs_nx/dawgs_f1tenth/01_labs/lab1/build/lab1_introduction -- -j6 -l6
[0.267s] -- Found ament_cmake: 0.9.12 (/opt/ros/foxy/share/ament_cmake/cmake)
[0.399s] -- Using PYTHON_EXECUTABLE: /usr/bin/python3
[1.433s] -- Override CMake install command with custom implementation using symlinks instead of copying resources
[1.480s] -- Found rclcpp: 2.4.3 (/opt/ros/foxy/share/rclcpp/cmake)
[1.659s] -- Using all available rosidl_typesupport_c: rosidl_typesupport_fastrtps_c;rosidl_typesupport_introspection_c
[1.678s] -- Found rosidl_adapter: 1.3.1 (/opt/ros/foxy/share/rosidl_adapter/cmake)
[2.332s] -- Using all available rosidl_typesupport_cpp: rosidl_typesupport_fastrtps_cpp;rosidl_typesupport_introspection_cpp
[2.591s] -- Found rmw_implementation_cmake: 1.0.4 (/opt/ros/foxy/share/rmw_implementation_cmake/cmake)
[2.598s] -- Using RMW implementation 'rmw_fastrtps_cpp' as default
[3.291s] -- Found ackermann_msgs: 2.0.2 (/opt/ros/foxy/share/ackermann_msgs/cmake)
[3.466s] -- Found sensor_msgs: 2.0.5 (/opt/ros/foxy/share/sensor_msgs/cmake)
[4.005s] -- Found ament_lint_auto: 0.9.8 (/opt/ros/foxy/share/ament_lint_auto/cmake)
[4.395s] -- Added test 'copyright' to check source files copyright and LICENSE
[4.402s] -- Added test 'cppcheck' to perform static code analysis on C / C++ code
[4.403s] -- Configured cppcheck include dirs: /home/dawgs_nx/dawgs_f1tenth/01_labs/lab1/src/lab1_introduction/include
[4.403s] -- Configured cppcheck exclude dirs and/or files: 
[4.412s] -- Added test 'cpplint' to check C / C++ code against the Google style
[4.414s] -- Configured cpplint exclude dirs and/or files: 
[4.415s] -- Added test 'lint_cmake' to check CMake code style
[4.422s] -- Added test 'uncrustify' to check C / C++ code style
[4.424s] -- Configured uncrustify additional arguments: 
[4.425s] -- Added test 'xmllint' to check XML markup files
[4.448s] -- Configuring done
[4.516s] -- Generating done
[4.528s] -- Build files have been written to: /home/dawgs_nx/dawgs_f1tenth/01_labs/lab1/build/lab1_introduction
[4.827s] [100%] Built target ackermann_talker
[4.907s] Invoked command in '/home/dawgs_nx/dawgs_f1tenth/01_labs/lab1/build/lab1_introduction' returned '0': CMAKE_PREFIX_PATH=${CMAKE_PREFIX_PATH}:/opt/ros/foxy /usr/bin/cmake --build /home/dawgs_nx/dawgs_f1tenth/01_labs/lab1/build/lab1_introduction -- -j6 -l6
[5.158s] Invoking command in '/home/dawgs_nx/dawgs_f1tenth/01_labs/lab1/build/lab1_introduction': CMAKE_PREFIX_PATH=${CMAKE_PREFIX_PATH}:/opt/ros/foxy /usr/bin/cmake --install /home/dawgs_nx/dawgs_f1tenth/01_labs/lab1/build/lab1_introduction
[5.217s] -- Install configuration: ""
[5.224s] -- Execute custom install script
[5.233s] -- Up-to-date symlink: /home/dawgs_nx/dawgs_f1tenth/01_labs/lab1/install/lab1_introduction/include/lab1_introduction/ackermann_talker.hpp
[5.241s] -- Symlinking: /home/dawgs_nx/dawgs_f1tenth/01_labs/lab1/install/lab1_introduction/lib/lab1_introduction/ackermann_talker
[5.302s] -- Up-to-date symlink: /home/dawgs_nx/dawgs_f1tenth/01_labs/lab1/install/lab1_introduction/share/ament_index/resource_index/package_run_dependencies/lab1_introduction
[5.307s] -- Up-to-date symlink: /home/dawgs_nx/dawgs_f1tenth/01_labs/lab1/install/lab1_introduction/share/ament_index/resource_index/parent_prefix_path/lab1_introduction
[5.310s] -- Up-to-date symlink: /home/dawgs_nx/dawgs_f1tenth/01_labs/lab1/install/lab1_introduction/share/lab1_introduction/environment/ament_prefix_path.sh
[5.312s] -- Up-to-date symlink: /home/dawgs_nx/dawgs_f1tenth/01_labs/lab1/install/lab1_introduction/share/lab1_introduction/environment/ament_prefix_path.dsv
[5.314s] -- Up-to-date symlink: /home/dawgs_nx/dawgs_f1tenth/01_labs/lab1/install/lab1_introduction/share/lab1_introduction/environment/path.sh
[5.316s] -- Up-to-date symlink: /home/dawgs_nx/dawgs_f1tenth/01_labs/lab1/install/lab1_introduction/share/lab1_introduction/environment/path.dsv
[5.318s] -- Up-to-date symlink: /home/dawgs_nx/dawgs_f1tenth/01_labs/lab1/install/lab1_introduction/share/lab1_introduction/local_setup.bash
[5.321s] -- Up-to-date symlink: /home/dawgs_nx/dawgs_f1tenth/01_labs/lab1/install/lab1_introduction/share/lab1_introduction/local_setup.sh
[5.324s] -- Up-to-date symlink: /home/dawgs_nx/dawgs_f1tenth/01_labs/lab1/install/lab1_introduction/share/lab1_introduction/local_setup.zsh
[5.326s] -- Up-to-date symlink: /home/dawgs_nx/dawgs_f1tenth/01_labs/lab1/install/lab1_introduction/share/lab1_introduction/local_setup.dsv
[5.327s] -- Symlinking: /home/dawgs_nx/dawgs_f1tenth/01_labs/lab1/install/lab1_introduction/share/lab1_introduction/package.dsv
[5.421s] -- Up-to-date symlink: /home/dawgs_nx/dawgs_f1tenth/01_labs/lab1/install/lab1_introduction/share/ament_index/resource_index/packages/lab1_introduction
[5.425s] -- Up-to-date symlink: /home/dawgs_nx/dawgs_f1tenth/01_labs/lab1/install/lab1_introduction/share/lab1_introduction/cmake/lab1_introductionConfig.cmake
[5.426s] -- Up-to-date symlink: /home/dawgs_nx/dawgs_f1tenth/01_labs/lab1/install/lab1_introduction/share/lab1_introduction/cmake/lab1_introductionConfig-version.cmake
[5.428s] -- Up-to-date symlink: /home/dawgs_nx/dawgs_f1tenth/01_labs/lab1/install/lab1_introduction/share/lab1_introduction/package.xml
[5.432s] -- Up-to-date: /home/dawgs_nx/dawgs_f1tenth/01_labs/lab1/install/lab1_introduction/bin/ackermann_talker
[5.453s] Invoked command in '/home/dawgs_nx/dawgs_f1tenth/01_labs/lab1/build/lab1_introduction' returned '0': CMAKE_PREFIX_PATH=${CMAKE_PREFIX_PATH}:/opt/ros/foxy /usr/bin/cmake --install /home/dawgs_nx/dawgs_f1tenth/01_labs/lab1/build/lab1_introduction
