[0.075s] Invoking command in '/home/dawgs_nx/dawgs_f1tenth/labs_f1tenth/lab1/build/lab1_introduction': CMAKE_PREFIX_PATH=${CMAKE_PREFIX_PATH}:/opt/ros/foxy /usr/bin/cmake --build /home/dawgs_nx/dawgs_f1tenth/labs_f1tenth/lab1/build/lab1_introduction -- -j6 -l6
[0.672s] [ 33%] Built target relay
[0.677s] [ 66%] Built target ackermann_talker
[0.690s] [100%] Built target talker
[0.791s] Invoked command in '/home/dawgs_nx/dawgs_f1tenth/labs_f1tenth/lab1/build/lab1_introduction' returned '0': CMAKE_PREFIX_PATH=${CMAKE_PREFIX_PATH}:/opt/ros/foxy /usr/bin/cmake --build /home/dawgs_nx/dawgs_f1tenth/labs_f1tenth/lab1/build/lab1_introduction -- -j6 -l6
[0.892s] Invoking command in '/home/dawgs_nx/dawgs_f1tenth/labs_f1tenth/lab1/build/lab1_introduction': CMAKE_PREFIX_PATH=${CMAKE_PREFIX_PATH}:/opt/ros/foxy /usr/bin/cmake --install /home/dawgs_nx/dawgs_f1tenth/labs_f1tenth/lab1/build/lab1_introduction
[0.950s] -- Install configuration: ""
[0.954s] -- Execute custom install script
[0.958s] -- Up-to-date symlink: /home/dawgs_nx/dawgs_f1tenth/labs_f1tenth/lab1/install/lab1_introduction/lib/lab1_introduction/talker
[0.961s] -- Up-to-date symlink: /home/dawgs_nx/dawgs_f1tenth/labs_f1tenth/lab1/install/lab1_introduction/lib/lab1_introduction/relay
[0.966s] -- Up-to-date symlink: /home/dawgs_nx/dawgs_f1tenth/labs_f1tenth/lab1/install/lab1_introduction/include/lab1_introduction/ackermann_talker.hpp
[0.969s] -- Up-to-date symlink: /home/dawgs_nx/dawgs_f1tenth/labs_f1tenth/lab1/install/lab1_introduction/lib/lab1_introduction/ackermann_talker
[0.973s] -- Up-to-date symlink: /home/dawgs_nx/dawgs_f1tenth/labs_f1tenth/lab1/install/lab1_introduction/share/lab1_introduction//launch/ackermann_talker_launch.py
[0.979s] -- Up-to-date symlink: /home/dawgs_nx/dawgs_f1tenth/labs_f1tenth/lab1/install/lab1_introduction/share/lab1_introduction//config/param.yaml
[0.981s] -- Up-to-date symlink: /home/dawgs_nx/dawgs_f1tenth/labs_f1tenth/lab1/install/lab1_introduction/share/ament_index/resource_index/package_run_dependencies/lab1_introduction
[0.983s] -- Up-to-date symlink: /home/dawgs_nx/dawgs_f1tenth/labs_f1tenth/lab1/install/lab1_introduction/share/ament_index/resource_index/parent_prefix_path/lab1_introduction
[0.986s] -- Up-to-date symlink: /home/dawgs_nx/dawgs_f1tenth/labs_f1tenth/lab1/install/lab1_introduction/share/lab1_introduction/environment/ament_prefix_path.sh
[0.988s] -- Up-to-date symlink: /home/dawgs_nx/dawgs_f1tenth/labs_f1tenth/lab1/install/lab1_introduction/share/lab1_introduction/environment/ament_prefix_path.dsv
[0.990s] -- Up-to-date symlink: /home/dawgs_nx/dawgs_f1tenth/labs_f1tenth/lab1/install/lab1_introduction/share/lab1_introduction/environment/path.sh
[0.993s] -- Up-to-date symlink: /home/dawgs_nx/dawgs_f1tenth/labs_f1tenth/lab1/install/lab1_introduction/share/lab1_introduction/environment/path.dsv
[0.995s] -- Up-to-date symlink: /home/dawgs_nx/dawgs_f1tenth/labs_f1tenth/lab1/install/lab1_introduction/share/lab1_introduction/local_setup.bash
[0.997s] -- Up-to-date symlink: /home/dawgs_nx/dawgs_f1tenth/labs_f1tenth/lab1/install/lab1_introduction/share/lab1_introduction/local_setup.sh
[1.000s] -- Up-to-date symlink: /home/dawgs_nx/dawgs_f1tenth/labs_f1tenth/lab1/install/lab1_introduction/share/lab1_introduction/local_setup.zsh
[1.002s] -- Up-to-date symlink: /home/dawgs_nx/dawgs_f1tenth/labs_f1tenth/lab1/install/lab1_introduction/share/lab1_introduction/local_setup.dsv
[1.004s] -- Symlinking: /home/dawgs_nx/dawgs_f1tenth/labs_f1tenth/lab1/install/lab1_introduction/share/lab1_introduction/package.dsv
[1.073s] -- Up-to-date symlink: /home/dawgs_nx/dawgs_f1tenth/labs_f1tenth/lab1/install/lab1_introduction/share/ament_index/resource_index/packages/lab1_introduction
[1.076s] -- Up-to-date symlink: /home/dawgs_nx/dawgs_f1tenth/labs_f1tenth/lab1/install/lab1_introduction/share/lab1_introduction/cmake/lab1_introductionConfig.cmake
[1.077s] -- Up-to-date symlink: /home/dawgs_nx/dawgs_f1tenth/labs_f1tenth/lab1/install/lab1_introduction/share/lab1_introduction/cmake/lab1_introductionConfig-version.cmake
[1.080s] -- Up-to-date symlink: /home/dawgs_nx/dawgs_f1tenth/labs_f1tenth/lab1/install/lab1_introduction/share/lab1_introduction/package.xml
[1.082s] -- Up-to-date: /home/dawgs_nx/dawgs_f1tenth/labs_f1tenth/lab1/install/lab1_introduction/bin/ackermann_talker
[1.103s] Invoked command in '/home/dawgs_nx/dawgs_f1tenth/labs_f1tenth/lab1/build/lab1_introduction' returned '0': CMAKE_PREFIX_PATH=${CMAKE_PREFIX_PATH}:/opt/ros/foxy /usr/bin/cmake --install /home/dawgs_nx/dawgs_f1tenth/labs_f1tenth/lab1/build/lab1_introduction
