[35m[1mScanning dependencies of target talker[0m
[ 33%] Built target relay
[ 66%] Built target ackermann_talker
[ 83%] [32mBuilding CXX object CMakeFiles/talker.dir/src/talker.cpp.o[0m
[100%] [32m[1mLinking CXX executable talker[0m
[100%] Built target talker
-- Install configuration: ""
-- Execute custom install script
-- Symlinking: /home/dawgs_nx/dawgs_f1tenth/labs_f1tenth/lab1/install/lab1_introduction/lib/lab1_introduction/talker
-- Symlinking: /home/dawgs_nx/dawgs_f1tenth/labs_f1tenth/lab1/install/lab1_introduction/lib/lab1_introduction/relay
-- Symlinking: /home/dawgs_nx/dawgs_f1tenth/labs_f1tenth/lab1/install/lab1_introduction/include/lab1_introduction/ackermann_talker.hpp
-- Symlinking: /home/dawgs_nx/dawgs_f1tenth/labs_f1tenth/lab1/install/lab1_introduction/lib/lab1_introduction/ackermann_talker
-- Symlinking: /home/dawgs_nx/dawgs_f1tenth/labs_f1tenth/lab1/install/lab1_introduction/share/lab1_introduction//launch/ackermann_talker_launch.py
-- Symlinking: /home/dawgs_nx/dawgs_f1tenth/labs_f1tenth/lab1/install/lab1_introduction/share/lab1_introduction//config/param.yaml
-- Symlinking: /home/dawgs_nx/dawgs_f1tenth/labs_f1tenth/lab1/install/lab1_introduction/share/ament_index/resource_index/package_run_dependencies/lab1_introduction
-- Symlinking: /home/dawgs_nx/dawgs_f1tenth/labs_f1tenth/lab1/install/lab1_introduction/share/ament_index/resource_index/parent_prefix_path/lab1_introduction
-- Symlinking: /home/dawgs_nx/dawgs_f1tenth/labs_f1tenth/lab1/install/lab1_introduction/share/lab1_introduction/environment/ament_prefix_path.sh
-- Symlinking: /home/dawgs_nx/dawgs_f1tenth/labs_f1tenth/lab1/install/lab1_introduction/share/lab1_introduction/environment/ament_prefix_path.dsv
-- Symlinking: /home/dawgs_nx/dawgs_f1tenth/labs_f1tenth/lab1/install/lab1_introduction/share/lab1_introduction/environment/path.sh
-- Symlinking: /home/dawgs_nx/dawgs_f1tenth/labs_f1tenth/lab1/install/lab1_introduction/share/lab1_introduction/environment/path.dsv
-- Symlinking: /home/dawgs_nx/dawgs_f1tenth/labs_f1tenth/lab1/install/lab1_introduction/share/lab1_introduction/local_setup.bash
-- Symlinking: /home/dawgs_nx/dawgs_f1tenth/labs_f1tenth/lab1/install/lab1_introduction/share/lab1_introduction/local_setup.sh
-- Symlinking: /home/dawgs_nx/dawgs_f1tenth/labs_f1tenth/lab1/install/lab1_introduction/share/lab1_introduction/local_setup.zsh
-- Symlinking: /home/dawgs_nx/dawgs_f1tenth/labs_f1tenth/lab1/install/lab1_introduction/share/lab1_introduction/local_setup.dsv
-- Symlinking: /home/dawgs_nx/dawgs_f1tenth/labs_f1tenth/lab1/install/lab1_introduction/share/lab1_introduction/package.dsv
-- Symlinking: /home/dawgs_nx/dawgs_f1tenth/labs_f1tenth/lab1/install/lab1_introduction/share/ament_index/resource_index/packages/lab1_introduction
-- Symlinking: /home/dawgs_nx/dawgs_f1tenth/labs_f1tenth/lab1/install/lab1_introduction/share/lab1_introduction/cmake/lab1_introductionConfig.cmake
-- Symlinking: /home/dawgs_nx/dawgs_f1tenth/labs_f1tenth/lab1/install/lab1_introduction/share/lab1_introduction/cmake/lab1_introductionConfig-version.cmake
-- Symlinking: /home/dawgs_nx/dawgs_f1tenth/labs_f1tenth/lab1/install/lab1_introduction/share/lab1_introduction/package.xml
-- Installing: /home/dawgs_nx/dawgs_f1tenth/labs_f1tenth/lab1/install/lab1_introduction/bin/ackermann_talker
-- Set runtime path of "/home/dawgs_nx/dawgs_f1tenth/labs_f1tenth/lab1/install/lab1_introduction/bin/ackermann_talker" to ""
