[0.088s] Invoking command in '/home/dawgs_nx/dawgs_f1tenth/01_labs/lab1/build/lab1_introduction': CMAKE_PREFIX_PATH=${CMAKE_PREFIX_PATH}:/opt/ros/foxy /usr/bin/cmake --build /home/dawgs_nx/dawgs_f1tenth/01_labs/lab1/build/lab1_introduction -- -j6 -l6
[0.439s] [35m[1mScanning dependencies of target ackermann_talker[0m
[0.739s] [ 50%] [32mBuilding CXX object CMakeFiles/ackermann_talker.dir/src/ackermann_talker.cpp.o[0m
[28.181s] [100%] [32m[1mLinking CXX executable ackermann_talker[0m
[29.589s] [100%] Built target ackermann_talker
[29.662s] Invoked command in '/home/dawgs_nx/dawgs_f1tenth/01_labs/lab1/build/lab1_introduction' returned '0': CMAKE_PREFIX_PATH=${CMAKE_PREFIX_PATH}:/opt/ros/foxy /usr/bin/cmake --build /home/dawgs_nx/dawgs_f1tenth/01_labs/lab1/build/lab1_introduction -- -j6 -l6
[29.883s] Invoking command in '/home/dawgs_nx/dawgs_f1tenth/01_labs/lab1/build/lab1_introduction': CMAKE_PREFIX_PATH=${CMAKE_PREFIX_PATH}:/opt/ros/foxy /usr/bin/cmake --install /home/dawgs_nx/dawgs_f1tenth/01_labs/lab1/build/lab1_introduction
[29.932s] -- Install configuration: ""
[29.935s] -- Execute custom install script
[29.941s] -- Up-to-date symlink: /home/dawgs_nx/dawgs_f1tenth/01_labs/lab1/install/lab1_introduction/include/lab1_introduction/ackermann_talker.hpp
[29.945s] -- Up-to-date symlink: /home/dawgs_nx/dawgs_f1tenth/01_labs/lab1/install/lab1_introduction/lib/lab1_introduction/ackermann_talker
[29.950s] -- Up-to-date symlink: /home/dawgs_nx/dawgs_f1tenth/01_labs/lab1/install/lab1_introduction/share/lab1_introduction//launch/ackermann_talker_launch.py
[29.953s] -- Up-to-date symlink: /home/dawgs_nx/dawgs_f1tenth/01_labs/lab1/install/lab1_introduction/share/lab1_introduction//config/param.yaml
[29.955s] -- Up-to-date symlink: /home/dawgs_nx/dawgs_f1tenth/01_labs/lab1/install/lab1_introduction/share/ament_index/resource_index/package_run_dependencies/lab1_introduction
[29.960s] -- Up-to-date symlink: /home/dawgs_nx/dawgs_f1tenth/01_labs/lab1/install/lab1_introduction/share/ament_index/resource_index/parent_prefix_path/lab1_introduction
[29.961s] -- Up-to-date symlink: /home/dawgs_nx/dawgs_f1tenth/01_labs/lab1/install/lab1_introduction/share/lab1_introduction/environment/ament_prefix_path.sh
[29.962s] -- Up-to-date symlink: /home/dawgs_nx/dawgs_f1tenth/01_labs/lab1/install/lab1_introduction/share/lab1_introduction/environment/ament_prefix_path.dsv
[29.964s] -- Up-to-date symlink: /home/dawgs_nx/dawgs_f1tenth/01_labs/lab1/install/lab1_introduction/share/lab1_introduction/environment/path.sh
[29.966s] -- Up-to-date symlink: /home/dawgs_nx/dawgs_f1tenth/01_labs/lab1/install/lab1_introduction/share/lab1_introduction/environment/path.dsv
[29.968s] -- Up-to-date symlink: /home/dawgs_nx/dawgs_f1tenth/01_labs/lab1/install/lab1_introduction/share/lab1_introduction/local_setup.bash
[29.971s] -- Up-to-date symlink: /home/dawgs_nx/dawgs_f1tenth/01_labs/lab1/install/lab1_introduction/share/lab1_introduction/local_setup.sh
[29.973s] -- Up-to-date symlink: /home/dawgs_nx/dawgs_f1tenth/01_labs/lab1/install/lab1_introduction/share/lab1_introduction/local_setup.zsh
[29.977s] -- Up-to-date symlink: /home/dawgs_nx/dawgs_f1tenth/01_labs/lab1/install/lab1_introduction/share/lab1_introduction/local_setup.dsv
[29.979s] -- Symlinking: /home/dawgs_nx/dawgs_f1tenth/01_labs/lab1/install/lab1_introduction/share/lab1_introduction/package.dsv
[30.054s] -- Up-to-date symlink: /home/dawgs_nx/dawgs_f1tenth/01_labs/lab1/install/lab1_introduction/share/ament_index/resource_index/packages/lab1_introduction
[30.058s] -- Up-to-date symlink: /home/dawgs_nx/dawgs_f1tenth/01_labs/lab1/install/lab1_introduction/share/lab1_introduction/cmake/lab1_introductionConfig.cmake
[30.059s] -- Up-to-date symlink: /home/dawgs_nx/dawgs_f1tenth/01_labs/lab1/install/lab1_introduction/share/lab1_introduction/cmake/lab1_introductionConfig-version.cmake
[30.062s] -- Up-to-date symlink: /home/dawgs_nx/dawgs_f1tenth/01_labs/lab1/install/lab1_introduction/share/lab1_introduction/package.xml
[30.067s] -- Installing: /home/dawgs_nx/dawgs_f1tenth/01_labs/lab1/install/lab1_introduction/bin/ackermann_talker
[30.093s] -- Set runtime path of "/home/dawgs_nx/dawgs_f1tenth/01_labs/lab1/install/lab1_introduction/bin/ackermann_talker" to ""
[30.118s] Invoked command in '/home/dawgs_nx/dawgs_f1tenth/01_labs/lab1/build/lab1_introduction' returned '0': CMAKE_PREFIX_PATH=${CMAKE_PREFIX_PATH}:/opt/ros/foxy /usr/bin/cmake --install /home/dawgs_nx/dawgs_f1tenth/01_labs/lab1/build/lab1_introduction
